==== Secondary Structure Definition by the program DSSP, CMBI version by M.L. Hekkelman/2010-10-21 ==== DATE=2019-03-14        .
REFERENCE W. KABSCH AND C.SANDER, BIOPOLYMERS 22 (1983) 2577-2637                                                              .
                                                                                                                               .
  235  1  0  0  0 TOTAL NUMBER OF RESIDUES, NUMBER OF CHAINS, NUMBER OF SS-BRIDGES(TOTAL,INTRACHAIN,INTERCHAIN)                .
 12867.6   ACCESSIBLE SURFACE OF PROTEIN (ANGSTROM**2)                                                                         .
  161 68.5   TOTAL NUMBER OF HYDROGEN BONDS OF TYPE O(I)-->H-N(J)  , SAME NUMBER PER 100 RESIDUES                              .
   32 13.6   TOTAL NUMBER OF HYDROGEN BONDS IN     PARALLEL BRIDGES, SAME NUMBER PER 100 RESIDUES                              .
   17  7.2   TOTAL NUMBER OF HYDROGEN BONDS IN ANTIPARALLEL BRIDGES, SAME NUMBER PER 100 RESIDUES                              .
    0  0.0   TOTAL NUMBER OF HYDROGEN BONDS OF TYPE O(I)-->H-N(I-5), SAME NUMBER PER 100 RESIDUES                              .
    2  0.9   TOTAL NUMBER OF HYDROGEN BONDS OF TYPE O(I)-->H-N(I-4), SAME NUMBER PER 100 RESIDUES                              .
    0  0.0   TOTAL NUMBER OF HYDROGEN BONDS OF TYPE O(I)-->H-N(I-3), SAME NUMBER PER 100 RESIDUES                              .
    0  0.0   TOTAL NUMBER OF HYDROGEN BONDS OF TYPE O(I)-->H-N(I-2), SAME NUMBER PER 100 RESIDUES                              .
    0  0.0   TOTAL NUMBER OF HYDROGEN BONDS OF TYPE O(I)-->H-N(I-1), SAME NUMBER PER 100 RESIDUES                              .
    0  0.0   TOTAL NUMBER OF HYDROGEN BONDS OF TYPE O(I)-->H-N(I+0), SAME NUMBER PER 100 RESIDUES                              .
    0  0.0   TOTAL NUMBER OF HYDROGEN BONDS OF TYPE O(I)-->H-N(I+1), SAME NUMBER PER 100 RESIDUES                              .
   16  6.8   TOTAL NUMBER OF HYDROGEN BONDS OF TYPE O(I)-->H-N(I+2), SAME NUMBER PER 100 RESIDUES                              .
   24 10.2   TOTAL NUMBER OF HYDROGEN BONDS OF TYPE O(I)-->H-N(I+3), SAME NUMBER PER 100 RESIDUES                              .
   65 27.7   TOTAL NUMBER OF HYDROGEN BONDS OF TYPE O(I)-->H-N(I+4), SAME NUMBER PER 100 RESIDUES                              .
    2  0.9   TOTAL NUMBER OF HYDROGEN BONDS OF TYPE O(I)-->H-N(I+5), SAME NUMBER PER 100 RESIDUES                              .
  1  2  3  4  5  6  7  8  9 10 11 12 13 14 15 16 17 18 19 20 21 22 23 24 25 26 27 28 29 30     *** HISTOGRAMS OF ***           .
  0  0  0  0  0  1  1  0  0  1  2  1  0  0  0  0  0  0  1  0  0  0  0  0  0  0  0  0  0  0    RESIDUES PER ALPHA HELIX         .
  1  2  2  2  1  0  0  0  0  0  0  0  0  0  0  0  0  0  0  0  0  0  0  0  0  0  0  0  0  0    PARALLEL BRIDGES PER LADDER      .
  0  1  0  0  1  0  1  0  0  0  0  0  0  0  0  0  0  0  0  0  0  0  0  0  0  0  0  0  0  0    ANTIPARALLEL BRIDGES PER LADDER  .
  2  1  0  0  0  1  0  0  0  0  0  0  0  0  0  0  0  0  0  0  0  0  0  0  0  0  0  0  0  0    LADDERS PER SHEET                .
  #  RESIDUE AA STRUCTURE BP1 BP2  ACC     N-H-->O    O-->H-N    N-H-->O    O-->H-N    TCO  KAPPA ALPHA  PHI   PSI    X-CA   Y-CA   Z-CA 
    1   10 A L              0   0   32      0, 0.0     2,-0.3     0, 0.0    17,-0.2   0.000 360.0 360.0 360.0 -57.9   -8.9  111.8   76.5
    2   11 A L        -     0   0  149     15,-0.1    30,-0.6    16,-0.1     2,-0.5  -0.474 360.0-160.3 -72.7 128.9  -10.1  111.2   72.9
    3   12 A V  B     -a   32   0A  35     -2,-0.3    30,-0.1    28,-0.1     6,-0.1  -0.908  23.4-117.2-108.4 129.3  -13.2  109.0   72.5
    4   13 A D        -     0   0   45     28,-0.9     3,-0.4    -2,-0.5    29,-0.1  -0.465  18.5-131.9 -68.5 135.2  -13.9  107.4   69.1
    5   14 A P  S    S+     0   0  120      0, 0.0    -1,-0.1     0, 0.0    28,-0.0   0.873  93.4  74.5 -51.4 -49.3  -17.1  108.6   67.4
    6   15 A R  S    S+     0   0  169      2,-0.0     2,-0.2    -3,-0.0    27,-0.0   0.830  93.8  50.1 -29.6 -68.3  -18.5  105.1   66.5
    7   16 A Y  S    S-     0   0   34     -3,-0.4     2,-0.2     1,-0.1    31,-0.0  -0.484  83.5-118.8 -86.8 150.4  -19.5  104.1   70.0
    8   17 A S        -     0   0  111     -2,-0.2     2,-0.3     1,-0.0    -1,-0.1  -0.610  35.1-122.7 -82.1 145.1  -21.7  106.0   72.5
    9   18 A T        -     0   0   51     -2,-0.2     3,-0.1     1,-0.1    -1,-0.0  -0.725  18.8-112.4 -96.0 141.2  -19.9  106.8   75.8
   10   19 A N    >   -     0   0   77     -2,-0.3     3,-1.8     1,-0.2     4,-0.3  -0.302  60.8 -67.7 -62.7 151.2  -21.0  105.7   79.3
   11   20 A D  T 3  S-     0   0  144      1,-0.3    -1,-0.2     2,-0.1     0, 0.0  -0.106 117.6  -0.8 -47.4 130.5  -22.1  108.6   81.4
   12   21 A Q  T 3> S+     0   0  128     -3,-0.1     4,-1.8     1,-0.1    -1,-0.3   0.710  93.2 128.4  62.3  25.0  -19.3  111.0   82.4
   13   22 A E  H <>  +     0   0   18     -3,-1.8     4,-2.4     2,-0.2     5,-0.2   0.948  67.0  49.3 -76.1 -51.6  -16.6  109.0   80.6
   14   23 A E  H  > S+     0   0   82     -4,-0.3     4,-1.9     2,-0.2     5,-0.2   0.897 114.3  51.7 -54.0 -39.8  -15.0  111.6   78.5
   15   24 A S  H  > S+     0   0   61      2,-0.2     4,-2.4     1,-0.2     3,-0.4   0.993 108.9  44.6 -59.7 -69.8  -14.7  113.6   81.7
   16   25 A I  H  X S+     0   0   42     -4,-1.8     4,-2.3     1,-0.2     5,-0.2   0.884 112.6  55.0 -42.3 -50.3  -13.1  111.1   84.0
   17   26 A L  H  X S+     0   0    2     -4,-2.4     4,-2.6     1,-0.2    -1,-0.2   0.924 110.5  42.4 -53.2 -52.7  -10.6  110.1   81.3
   18   27 A Q  H  X S+     0   0   82     -4,-1.9     4,-3.1    -3,-0.4     5,-0.3   0.918 112.8  54.1 -61.7 -44.8   -9.3  113.7   80.7
   19   28 A D  H  X S+     0   0   74     -4,-2.4     4,-2.2     1,-0.2    -1,-0.2   0.853 111.1  46.2 -57.3 -38.7   -9.2  114.4   84.4
   20   29 A I  H  X S+     0   0    4     -4,-2.3     4,-2.7    -5,-0.3    -2,-0.2   0.947 112.8  49.9 -69.7 -48.6   -7.1  111.2   84.9
   21   30 A I  H  < S+     0   0   51     -4,-2.6    -2,-0.2    -5,-0.2    -1,-0.2   0.903 117.0  40.0 -55.2 -48.4   -4.8  112.1   81.9
   22   31 A T  H  < S+     0   0   96     -4,-3.1    -2,-0.2     1,-0.2    -1,-0.2   0.951 118.5  45.2 -69.5 -50.0   -4.2  115.7   83.2
   23   32 A R  H  < S+     0   0   97     -4,-2.2    -2,-0.2    -5,-0.3    -3,-0.2   0.838 118.6  41.8 -63.7 -36.9   -3.9  114.9   86.9
   24   33 A F    ><  +     0   0   24     -4,-2.7     3,-1.8    -5,-0.2    -1,-0.2  -0.780  60.0 179.7-120.1  90.8   -1.6  111.9   86.5
   25   34 A P  T 3  S+     0   0  111      0, 0.0    -1,-0.1     0, 0.0    -2,-0.1   0.617  80.5  63.2 -61.6 -14.4    1.2  112.4   83.8
   26   35 A N  T 3  S+     0   0   56    175,-0.1   179,-1.9   178,-0.1     2,-0.4   0.585  84.2  85.8 -90.0  -9.8    2.5  108.9   84.5
   27   36 A V  E <   -b  205   0B  11     -3,-1.8     2,-0.5    -7,-0.2   179,-0.2  -0.727  60.9-162.3 -90.6 140.7   -0.6  107.0   83.3
   28   37 A V  E     -b  206   0B  31    177,-2.8   179,-1.4    -2,-0.4     2,-0.3  -0.981   5.4-153.8-126.2 117.0   -0.9  106.3   79.6
   29   38 A L  E     -b  207   0B  29     -2,-0.5   179,-0.2   177,-0.2     2,-0.1  -0.677  23.4-114.8 -87.6 141.4   -4.3  105.4   78.3
   30   39 A M        -     0   0   13    177,-1.3     2,-0.2    -2,-0.3    -1,-0.1  -0.457  47.0 -83.7 -73.1 153.3   -4.5  103.2   75.2
   31   40 A K        -     0   0  156      1,-0.1     2,-2.2    -2,-0.1     5,-0.2  -0.381  42.9-126.0 -59.0 124.4   -6.0  105.0   72.1
   32   41 A Q  B     +a    3   0A  19    -30,-0.6   -28,-0.9    -2,-0.2     2,-0.1  -0.472  47.9 164.7 -76.4  78.6   -9.8  104.6   72.5
   33   42 A T     >  -     0   0   43     -2,-2.2     4,-2.2   -30,-0.1     5,-0.1  -0.469  51.4-111.9 -92.1 166.9  -10.5  103.0   69.1
   34   43 A A  H  > S+     0   0   32      2,-0.2     4,-2.9     1,-0.2     5,-0.1   0.839 117.2  57.3 -66.3 -33.7  -13.6  101.2   68.0
   35   44 A Q  H  > S+     0   0  121      2,-0.2     4,-2.7     1,-0.2     5,-0.2   0.959 107.5  47.1 -60.9 -51.1  -11.7   97.9   67.9
   36   45 A L  H  > S+     0   0    7      1,-0.2     4,-2.7     2,-0.2    -2,-0.2   0.933 114.0  47.8 -55.1 -48.3  -10.7   98.2   71.5
   37   46 A R  H  X S+     0   0   37     -4,-2.2     4,-2.2     1,-0.2    -1,-0.2   0.886 109.2  54.3 -60.7 -39.8  -14.3   99.1   72.4
   38   47 A A  H  X S+     0   0   44     -4,-2.9     4,-1.4     1,-0.2    -2,-0.2   0.943 111.0  44.9 -60.4 -46.8  -15.5   96.1   70.4
   39   48 A M  H  X S+     0   0    4     -4,-2.7     4,-2.1     1,-0.2    -2,-0.2   0.900 110.8  54.5 -64.4 -40.3  -13.3   93.8   72.3
   40   49 A M  H  X S+     0   0   11     -4,-2.7     4,-2.0     1,-0.2    -1,-0.2   0.858 104.3  53.8 -62.2 -37.7  -14.3   95.4   75.6
   41   50 A T  H  X S+     0   0   78     -4,-2.2     4,-1.2     2,-0.2    -1,-0.2   0.895 109.0  49.9 -66.6 -36.2  -18.0   94.9   75.0
   42   51 A I  H  < S+     0   0   46     -4,-1.4     6,-0.2     1,-0.2    -2,-0.2   0.934 115.4  40.4 -66.9 -47.7  -17.4   91.2   74.4
   43   52 A I  H  < S+     0   0    0     -4,-2.1    -1,-0.2     1,-0.2    -2,-0.2   0.773 116.6  50.1 -74.7 -24.1  -15.4   90.6   77.5
   44   53 A R  H  < S+     0   0   55     -4,-2.0     2,-0.3    -5,-0.2    -1,-0.2   0.669  86.1 105.1 -85.3 -18.9  -17.6   92.8   79.7
   45   54 A D    ><  -     0   0   78     -4,-1.2     3,-1.4    -5,-0.2     8,-0.0  -0.492  65.5-146.9 -70.0 123.1  -20.8   91.1   78.6
   46   55 A K  T 3  S+     0   0  182     -2,-0.3    -1,-0.2     1,-0.3    -4,-0.0   0.898  98.3  58.5 -49.2 -47.8  -22.3   88.8   81.2
   47   56 A E  T 3  S+     0   0  154      2,-0.0    -1,-0.3    -3,-0.0    -2,-0.1   0.631  77.0 115.3 -59.7 -21.7  -23.6   86.6   78.4
   48   57 A T    <   -     0   0   25     -3,-1.4     2,-0.0    -6,-0.2    -6,-0.0  -0.358  64.7-129.3 -62.7 123.0  -20.1   85.9   76.9
   49   58 A P    >>  -     0   0   66      0, 0.0     4,-2.5     0, 0.0     3,-0.8  -0.314  23.7-106.9 -68.9 152.9  -19.1   82.2   77.1
   50   59 A K  H 3> S+     0   0  130      1,-0.2     4,-2.1     2,-0.2     5,-0.2   0.820 116.2  54.0 -52.1 -42.3  -15.7   81.3   78.5
   51   60 A E  H 3> S+     0   0  106      1,-0.2     4,-1.0     2,-0.2    -1,-0.2   0.864 114.2  43.5 -63.4 -33.6  -14.0   80.3   75.2
   52   61 A E  H <> S+     0   0   90     -3,-0.8     4,-2.2     2,-0.2     5,-0.3   0.886 109.7  56.3 -77.1 -41.3  -15.0   83.7   73.8
   53   62 A F  H  X S+     0   0    2     -4,-2.5     4,-1.9     1,-0.2    -2,-0.2   0.897 112.1  41.3 -59.1 -42.4  -14.0   85.6   76.9
   54   63 A V  H  X S+     0   0   42     -4,-2.1     4,-2.0     2,-0.2    -1,-0.2   0.769 111.2  56.3 -80.5 -22.5  -10.4   84.3   76.9
   55   64 A F  H  X S+     0   0  115     -4,-1.0     4,-1.9    -5,-0.2    -2,-0.2   0.942 116.2  35.6 -69.9 -47.8   -9.9   84.6   73.1
   56   65 A Y  H  X S+     0   0   31     -4,-2.2     4,-3.0     2,-0.2     5,-0.2   0.871 116.2  54.4 -73.3 -37.4  -10.8   88.3   73.1
   57   66 A A  H  X S+     0   0    0     -4,-1.9     4,-2.8    -5,-0.3    -2,-0.2   0.927 111.1  46.2 -61.9 -43.9   -9.1   88.9   76.5
   58   67 A D  H  X S+     0   0   63     -4,-2.0     4,-1.6     1,-0.2    -1,-0.2   0.917 111.7  53.0 -62.7 -41.1   -5.9   87.3   75.1
   59   68 A R  H  X S+     0   0   83     -4,-1.9     4,-1.2     1,-0.2    -2,-0.2   0.924 112.3  43.2 -58.8 -47.3   -6.4   89.4   72.0
   60   69 A L  H >X S+     0   0    0     -4,-3.0     4,-2.7     1,-0.2     3,-0.6   0.940 107.0  59.7 -64.9 -49.1   -6.6   92.6   74.0
   61   70 A I  H 3X S+     0   0    1     -4,-2.8     4,-2.5     1,-0.3    -1,-0.2   0.835 102.5  57.0 -46.6 -38.8   -3.7   91.7   76.3
   62   71 A R  H 3X S+     0   0   86     -4,-1.6     4,-1.7     2,-0.2    -1,-0.3   0.922 108.1  43.1 -61.7 -48.8   -1.6   91.6   73.2
   63   72 A L  H <X S+     0   0   94     -4,-1.2     4,-1.7    -3,-0.6    -2,-0.2   0.956 115.1  51.6 -62.8 -47.2   -2.3   95.1   72.2
   64   73 A L  H  X S+     0   0    0     -4,-2.7     4,-2.2     1,-0.2    -2,-0.2   0.833 107.8  51.0 -58.5 -38.8   -1.9   96.3   75.7
   65   74 A I  H  X S+     0   0    1     -4,-2.5     4,-2.6    -5,-0.2    -1,-0.2   0.882 108.9  50.2 -69.0 -39.1    1.5   94.6   76.2
   66   75 A E  H  < S+     0   0  101     -4,-1.7     4,-0.3     2,-0.2    -1,-0.2   0.833 111.1  51.8 -66.4 -31.8    2.9   96.2   73.0
   67   76 A E  H >< S+     0   0   58     -4,-1.7     3,-1.0    -5,-0.2    -2,-0.2   0.930 111.0  46.3 -69.4 -46.4    1.6   99.5   74.3
   68   77 A A  H >< S+     0   0    0     -4,-2.2     3,-3.0     1,-0.2    -2,-0.2   0.935 102.5  62.6 -63.0 -48.4    3.4   99.0   77.7
   69   78 A L  G >< S+     0   0   27     -4,-2.6     3,-1.2     1,-0.3    -1,-0.2   0.659  89.0  74.1 -52.7 -16.0    6.7   97.9   76.2
   70   79 A N  G <  S+     0   0  104     -3,-1.0    -1,-0.3    -4,-0.3    -2,-0.2   0.544  83.8  66.8 -75.7  -6.5    6.8  101.4   74.6
   71   80 A E  G <  S+     0   0   55     -3,-3.0    -1,-0.2    -4,-0.1    -2,-0.2   0.409  79.7 100.4 -93.9   1.1    7.6  102.8   78.1
   72   81 A L  S <  S-     0   0   16     -3,-1.2     2,-0.1    -4,-0.2   108,-0.0  -0.410  85.5 -93.9 -80.7 162.4   11.0  101.1   78.2
   73   82 A P        -     0   0   43      0, 0.0    20,-0.6     0, 0.0    21,-0.5  -0.497  41.4-156.9 -76.6 148.4   14.2  103.1   77.3
   74   83 A F  E     -H   92   0C  79     -2,-0.1     2,-0.3    18,-0.1    18,-0.2  -0.972   6.2-147.4-130.9 145.2   15.5  103.0   73.8
   75   84 A Q  E     -H   91   0C 107     16,-1.7    16,-1.6    -2,-0.4     2,-0.2  -0.784  28.8-107.4-106.9 150.9   18.9  103.6   72.2
   76   85 A K  E     -H   90   0C 201     -2,-0.3     2,-0.3    14,-0.2    14,-0.3  -0.545  42.9-179.8 -75.8 141.3   19.5  105.1   68.8
   77   86 A K  E     -H   89   0C 111     12,-2.4    12,-3.3    -2,-0.2     2,-0.4  -0.991  18.5-155.7-148.0 138.3   20.7  102.6   66.2
   78   87 A E  E     +H   88   0C 109     -2,-0.3     2,-0.3    10,-0.2    10,-0.2  -0.923  18.6 172.7-114.3 136.8   21.7  102.7   62.6
   79   88 A V  E     -H   87   0C  68      8,-2.3     8,-2.7    -2,-0.4     2,-0.4  -0.855  28.5-114.2-134.3 170.0   21.5   99.6   60.3
   80   89 A T  E     -H   86   0C  90     -2,-0.3     6,-0.2     6,-0.2    -2,-0.0  -0.906  23.5-132.2-113.5 140.3   22.0   99.0   56.6
   81   90 A T    >   -     0   0   43      4,-2.6     3,-2.3    -2,-0.4     4,-0.1  -0.273  32.5-105.7 -78.2 164.1   19.2   97.8   54.2
   82   91 A P  T 3  S+     0   0  132      0, 0.0    -1,-0.1     0, 0.0    -2,-0.0   0.707 125.7  64.1 -66.5 -10.8   19.7   94.9   51.8
   83   92 A L  T 3  S-     0   0  141      2,-0.2     3,-0.1     0, 0.0    -2,-0.0   0.331 119.4-114.5 -88.1   2.4   19.9   97.8   49.4
   84   93 A D  S <  S+     0   0  142     -3,-2.3     2,-0.4     1,-0.2    -4,-0.1   0.908  76.0 124.2  62.1  45.8   23.0   99.1   51.1
   85   94 A V        -     0   0   78     -4,-0.1    -4,-2.6     2,-0.0    -1,-0.2  -0.985  62.7-107.3-133.5 142.5   21.4  102.3   52.4
   86   95 A S  E     -H   80   0C  62     -2,-0.4     2,-0.4    -6,-0.2    -6,-0.2  -0.459  25.3-166.8 -77.8 142.3   21.3  103.4   56.0
   87   96 A Y  E     -H   79   0C 127     -8,-2.7    -8,-2.3    -2,-0.2     2,-0.9  -0.996  15.1-142.1-127.4 123.6   18.2  103.3   58.2
   88   97 A H  E     +H   78   0C 142     -2,-0.4   -10,-0.2   -10,-0.2     2,-0.1  -0.774  43.8 138.7 -90.8 106.7   18.1  105.2   61.5
   89   98 A G  E     -H   77   0C  22    -12,-3.3   -12,-2.4    -2,-0.9     2,-0.3  -0.215  41.5-111.3-122.1-147.0   16.2  103.1   64.0
   90   99 A V  E     -H   76   0C  93    -14,-0.3     2,-0.3    -2,-0.1   -14,-0.2  -0.900  14.8-140.2-147.0 173.6   16.4  102.1   67.6
   91  100 A S  E     -H   75   0C  33    -16,-1.6   -16,-1.7    -2,-0.3     2,-0.3  -0.996  16.5-126.6-142.3 144.0   17.0   99.0   69.7
   92  101 A F  E     +H   74   0C 179     -2,-0.3   -18,-0.1   -18,-0.2    -2,-0.0  -0.682  40.0 155.8 -82.5 147.5   15.5   97.7   72.9
   93  102 A Y        +     0   0   99    -20,-0.6    -1,-0.2    -2,-0.3   -19,-0.1   0.516  24.1 118.3-142.1 -30.9   18.3   97.0   75.3
   94  103 A S        -     0   0   26    -21,-0.5     2,-0.7     1,-0.1    55,-0.1   0.153  67.0-117.4 -41.5 156.7   17.0   97.0   78.9
   95  104 A K        +     0   0  151     53,-0.2    55,-2.4     2,-0.0     2,-0.2  -0.932  51.1 173.2 -99.0 114.5   17.1   94.0   81.1
   96  105 A I  E     +c  150   0B  38     -2,-0.7    24,-0.4    53,-0.2     2,-0.3  -0.510  22.5 173.8-117.7-172.9   13.5   93.2   81.8
   97  106 A C  E     -c  151   0B   0     53,-0.5    55,-2.2    -2,-0.2     2,-0.3  -0.855  26.0-121.9 176.3 154.2   11.2   90.7   83.4
   98  107 A G  E     -cd 152 121B   0     22,-2.8    24,-2.9    -2,-0.3     2,-0.4  -0.844  16.0-161.7-112.6 151.5    7.5   90.4   84.1
   99  108 A V  E     -cd 153 122B   0     53,-2.8    55,-4.0    -2,-0.3     2,-0.3  -0.977   7.8-159.5-134.7 121.2    5.8   89.9   87.4
  100  109 A S  E     -cd 154 123B   0     22,-1.5    24,-2.3    -2,-0.4     2,-0.9  -0.773  21.1-126.6-103.9 145.6    2.3   88.7   87.8
  101  110 A I  E  >  - d   0 124B  11     53,-2.3     4,-2.1    -2,-0.3     5,-0.5  -0.810  61.2 -81.8 -87.2 109.9   -0.1   89.1   90.8
  102  111 A V  T  4 S-     0   0   43     22,-2.4     2,-0.9    -2,-0.9    24,-0.1   0.296  96.7 -15.7 -24.7 121.0   -1.1   85.5   91.3
  103  112 A R  T >> S+     0   0   70      1,-0.2     3,-2.0    22,-0.0     4,-1.0  -0.785 133.3  49.5  83.3 -95.9   -3.9   84.2   89.1
  104  113 A A  G >4 S+     0   0   20     -2,-0.9     3,-1.1     1,-0.3     4,-0.2   0.849 116.2  46.5 -36.2 -52.4   -5.6   87.2   87.5
  105  114 A G  G >< S+     0   0    0     -4,-2.1     3,-1.9     1,-0.2     4,-0.4   0.794  99.0  68.8 -64.8 -28.8   -2.2   88.6   86.5
  106  115 A E  G X> S+     0   0   58     -3,-2.0     3,-1.4    -5,-0.5     4,-0.8   0.795  84.3  71.4 -61.5 -27.1   -1.0   85.2   85.2
  107  116 A S  G << S+     0   0    3     -3,-1.1     4,-0.3    -4,-1.0    -1,-0.3   0.699  99.0  50.3 -61.5 -17.6   -3.5   85.6   82.3
  108  117 A M  G <> S+     0   0    0     -3,-1.9     4,-1.9    -4,-0.2    -1,-0.3   0.579  90.0  80.6 -95.6 -12.7   -1.2   88.3   81.0
  109  118 A E  H <> S+     0   0   30     -3,-1.4     4,-2.5    -4,-0.4     5,-0.2   0.918  92.2  48.4 -58.3 -49.2    2.0   86.2   81.3
  110  119 A S  H  X S+     0   0   65     -4,-0.8     4,-1.8     2,-0.2    -1,-0.2   0.842 108.5  54.1 -62.6 -36.4    1.3   84.3   78.0
  111  120 A G  H  > S+     0   0    8     -4,-0.3     4,-1.2     2,-0.2    -1,-0.2   0.916 113.5  42.7 -64.6 -41.4    0.6   87.6   76.2
  112  121 A L  H  X S+     0   0    0     -4,-1.9     4,-2.4     1,-0.2    -2,-0.2   0.859 113.1  52.9 -71.0 -35.6    4.0   88.9   77.4
  113  122 A R  H  < S+     0   0   89     -4,-2.5     5,-0.3     1,-0.2    -2,-0.2   0.757 103.1  59.4 -70.8 -26.1    5.7   85.5   76.6
  114  123 A A  H  < S+     0   0   62     -4,-1.8     3,-0.2    -5,-0.2    -1,-0.2   0.913 115.9  31.6 -69.8 -41.9    4.3   85.6   73.1
  115  124 A V  H  < S+     0   0   36     -4,-1.2     2,-0.6     1,-0.2    -2,-0.2   0.813 125.5  43.6 -86.2 -32.0    6.1   88.9   72.2
  116  125 A C  S >< S-     0   0   33     -4,-2.4     3,-1.9    -5,-0.2     2,-0.3  -0.842  87.3-141.5-116.8  92.2    9.1   88.4   74.4
  117  126 A R  T 3  S-     0   0  192     -2,-0.6    -3,-0.1     1,-0.3    -4,-0.1  -0.325  80.7  -5.5 -57.3 114.3   10.3   84.9   74.0
  118  127 A G  T 3  S+     0   0   60     -5,-0.3    -1,-0.3    -2,-0.3    -5,-0.1   0.686  81.8 172.0  76.8  19.2   11.5   83.5   77.4
  119  128 A V    <   -     0   0   15     -3,-1.9    -1,-0.2    -7,-0.2     2,-0.2  -0.313  44.0-100.5 -59.1 145.9   11.2   86.7   79.4
  120  129 A R        -     0   0  109    -24,-0.4   -22,-2.8     1,-0.0     2,-0.5  -0.501  38.9-154.5 -69.8 137.7   11.8   86.0   83.1
  121  130 A I  E     -d   98   0B  38    -24,-0.2   -22,-0.2    -2,-0.2     2,-0.2  -0.952  10.5-171.3-122.8 117.6    8.5   85.7   85.0
  122  131 A G  E     -d   99   0B   0    -24,-2.9   -22,-1.5    -2,-0.5     2,-0.3  -0.472  11.0-151.3 -92.8 172.2    8.2   86.3   88.8
  123  132 A K  E     -dE 100 141B  58     18,-1.6    18,-2.3   -24,-0.2     2,-0.5  -0.960   9.5-169.5-150.5 129.2    5.0   85.6   90.7
  124  133 A I  E     -dE 101 140B   0    -24,-2.3   -22,-2.4    -2,-0.3     2,-0.7  -0.973   8.2-157.5-122.7 121.1    3.6   87.2   93.8
  125  134 A L  E     - E   0 139B  47     14,-3.8    13,-3.4    -2,-0.5    14,-1.3  -0.853  15.2-174.4-102.5 111.0    0.6   85.7   95.7
  126  135 A I  E     - E   0 137B  20     -2,-0.7     2,-0.4    11,-0.2    11,-0.2  -0.815   5.9-173.3-104.9 143.4   -1.2   88.3   97.8
  127  136 A Q  E     - E   0 136B 114      9,-2.2     9,-2.2    -2,-0.4     2,-0.2  -0.992  21.2-129.7-137.3 126.1   -4.1   87.5  100.2
  128  137 A R        -     0   0   89     -2,-0.4     5,-0.1     7,-0.2     6,-0.0  -0.519  37.1 -94.9 -78.5 142.5   -6.2   90.1  102.0
  129  138 A D        -     0   0   40      5,-0.4    -1,-0.1    -2,-0.2     7,-0.0  -0.134  19.2-144.4 -55.2 147.1   -6.7   89.7  105.8
  130  139 A E  S    S+     0   0  194      2,-0.1    -1,-0.1     3,-0.1    -2,-0.0   0.730  97.9  36.6 -84.0 -26.5   -9.8   87.9  107.1
  131  140 A T  S    S+     0   0  128      3,-0.1    -1,-0.0     0, 0.0    -3,-0.0   0.934 141.4   3.9 -88.9 -67.6  -10.0   90.3  110.2
  132  141 A T  S    S-     0   0   92      2,-0.1    -2,-0.1     0, 0.0    -3,-0.0   0.592  94.0-123.5 -96.8 -16.4   -9.0   93.7  109.0
  133  142 A A        +     0   0   49      1,-0.2    -3,-0.1    -5,-0.1    -5,-0.1   0.915  51.3 158.9  72.1  46.1   -8.5   92.9  105.3
  134  143 A E        -     0   0   97     -7,-0.1    -5,-0.4     1,-0.0    -1,-0.2  -0.902  49.3-102.3-104.1 121.5   -4.9   94.1  105.0
  135  144 A P        -     0   0   24      0, 0.0     2,-0.4     0, 0.0    -7,-0.2  -0.060  39.9-166.6 -42.8 131.4   -2.9   92.5  102.1
  136  145 A K  E     -E  127   0B 111     -9,-2.2    -9,-2.2    -3,-0.0     2,-0.4  -0.990  23.4-122.4-129.6 125.6   -0.6   89.8  103.2
  137  146 A L  E     +E  126   0B  72     -2,-0.4   -11,-0.2   -11,-0.2     3,-0.1  -0.513  33.6 172.6 -66.0 120.3    2.2   88.3  101.1
  138  147 A I  E     -     0   0B  94    -13,-3.4     2,-0.3    -2,-0.4   -12,-0.2   0.751  61.8 -11.1-100.0 -31.7    1.4   84.5  100.9
  139  148 A Y  E     -E  125   0B  97    -14,-1.3   -14,-3.8     2,-0.0    -1,-0.4  -0.970  57.7-178.5-167.2 150.4    4.1   83.4   98.3
  140  149 A E  E     -E  124   0B  75     -2,-0.3     2,-0.4   -16,-0.2   -16,-0.2  -0.948  11.1-177.2-161.5 138.2    6.6   84.8   95.9
  141  150 A K  E     +E  123   0B 139    -18,-2.3   -18,-1.6    -2,-0.3     3,-0.0  -0.912  23.3 167.6-137.7 105.1    9.1   83.6   93.3
  142  151 A L        -     0   0   32     -2,-0.4   -20,-0.1   -20,-0.3   -43,-0.1  -0.845  43.5 -85.7-121.6 155.4   11.1   86.3   91.6
  143  152 A P    >   -     0   0   21      0, 0.0     3,-1.3     0, 0.0     4,-0.1  -0.215  39.9-120.5 -54.4 148.7   14.2   86.3   89.5
  144  153 A A  T 3  S+     0   0  116      1,-0.3     3,-0.2     2,-0.1    -2,-0.0   0.801 111.1  41.0 -62.7 -27.9   17.4   86.4   91.5
  145  154 A D  T >  S+     0   0   55      1,-0.2     3,-2.0     2,-0.1    -1,-0.3   0.023  70.2 129.5-110.2  27.4   18.5   89.7   89.9
  146  155 A I  G X   +     0   0    8     -3,-1.3     3,-1.8     1,-0.3    -1,-0.2   0.749  61.8  72.5 -54.4 -25.6   15.2   91.6   89.8
  147  156 A R  G 3  S+     0   0  104      1,-0.3    30,-0.5    -3,-0.2    -1,-0.3   0.748  98.7  46.6 -64.5 -22.6   16.7   94.7   91.4
  148  157 A E  G <  S+     0   0  115     -3,-2.0     2,-0.3    28,-0.1    -1,-0.3   0.116 103.5  86.8-104.7  20.8   18.7   95.5   88.3
  149  158 A R  S <  S-     0   0   12     -3,-1.8     2,-0.4   -55,-0.1   -53,-0.2  -0.818  78.3-117.2-122.1 159.7   15.7   95.0   86.0
  150  159 A W  E     -c   96   0B  36    -55,-2.4   -53,-0.5    -2,-0.3     2,-0.5  -0.773  41.4-141.0 -86.5 137.3   12.7   97.0   84.6
  151  160 A V  E     -cf  97 181B   0     29,-2.1    31,-3.2    -2,-0.4     2,-1.0  -0.908  15.0-155.8-113.0 131.2    9.6   95.2   85.9
  152  161 A M  E     -cf  98 182B   1    -55,-2.2   -53,-2.8    -2,-0.5     2,-0.5  -0.811  20.0-157.1 -99.5  89.8    6.4   94.7   84.0
  153  162 A L  E     -cf  99 183B   0     29,-1.3    31,-2.0    -2,-1.0     2,-0.6  -0.610   9.4-153.4 -74.7 119.6    3.9   94.3   86.9
  154  163 A L  E     +cf 100 184B   0    -55,-4.0   -53,-2.3    -2,-0.5   -49,-0.2  -0.846  34.7 135.7-103.9 117.3    0.9   92.3   85.6
  155  164 A D        -     0   0   18     29,-1.5    31,-0.3    -2,-0.6   -50,-0.1  -0.739  37.0-153.2-160.4 104.3   -2.6   92.7   87.1
  156  165 A P  S    S+     0   0    0      0, 0.0    31,-2.3     0, 0.0    30,-1.9   0.843  79.6  42.6 -45.4 -48.3   -5.8   93.0   85.0
  157  166 A M  E     -i  187   0D  40     29,-0.2     2,-0.3    28,-0.1    31,-0.2  -0.817  53.8-174.0-112.0 148.7   -7.8   94.9   87.5
  158  167 A C  E     +i  188   0D   3     29,-1.5    31,-2.4    -2,-0.3    34,-0.3  -0.780  26.6 144.3-136.4  88.6   -7.1   97.8   89.8
  159  168 A A  S    S-     0   0   19     -2,-0.3    33,-0.2    29,-0.2    34,-0.1   0.934  85.4  -1.8 -89.8 -71.6  -10.0   98.6   92.2
  160  169 A T  S    S-     0   0   41     58,-0.2    -2,-0.1    32,-0.1    35,-0.1   0.665  87.4-134.5 -94.6 -19.6   -8.7   99.7   95.6
  161  170 A A     >  +     0   0    5     34,-0.1     4,-2.5    -4,-0.1     5,-0.2   0.446  68.7 124.9  78.1   4.3   -5.0   99.2   94.5
  162  171 A G  H  > S+     0   0   12      1,-0.2     4,-1.7     2,-0.2     5,-0.2   0.868  72.9  47.4 -60.5 -37.7   -4.2   97.4   97.8
  163  172 A S  H  > S+     0   0   41      2,-0.2     4,-2.3     1,-0.2    -1,-0.2   0.941 114.8  42.3 -70.3 -49.6   -2.9   94.4   96.0
  164  173 A V  H  > S+     0   0    2      2,-0.2     4,-2.6     1,-0.2     5,-0.2   0.880 113.7  53.7 -66.8 -37.3   -0.6   96.2   93.5
  165  174 A C  H  X S+     0   0    7     -4,-2.5     4,-2.2     2,-0.2    -1,-0.2   0.906 110.5  45.5 -63.5 -43.0    0.6   98.6   96.2
  166  175 A K  H  X S+     0   0   36     -4,-1.7     4,-2.1    -5,-0.2     5,-0.3   0.923 112.7  52.6 -64.7 -42.3    1.6   95.7   98.5
  167  176 A A  H  X S+     0   0    0     -4,-2.3     4,-1.9     1,-0.2    -2,-0.2   0.890 110.9  46.2 -59.5 -42.3    3.2   94.0   95.5
  168  177 A I  H  X S+     0   0    0     -4,-2.6     4,-2.8     2,-0.2    -1,-0.2   0.855 106.7  61.1 -68.9 -36.6    5.2   97.2   94.8
  169  178 A E  H  X S+     0   0  104     -4,-2.2     4,-2.4     2,-0.2    -2,-0.2   0.973 110.4  37.1 -54.8 -59.7    6.2   97.5   98.4
  170  179 A V  H  X S+     0   0    5     -4,-2.1     4,-2.2     1,-0.2     5,-0.2   0.901 113.1  58.5 -62.5 -39.3    8.0   94.2   98.5
  171  180 A L  H  <>S+     0   0    0     -4,-1.9     5,-2.0    -5,-0.3    -1,-0.2   0.941 109.3  45.8 -53.3 -46.6    9.3   94.7   95.0
  172  181 A L  H ><5S+     0   0   51     -4,-2.8     3,-2.6     1,-0.2    -2,-0.2   0.942 107.7  56.7 -59.7 -51.3   10.9   97.9   96.4
  173  182 A R  H 3<5S+     0   0  154     -4,-2.4    -1,-0.2     1,-0.3    -2,-0.2   0.812 102.5  54.8 -51.5 -37.4   12.3   96.2   99.5
  174  183 A L  T 3<5S-     0   0   76     -4,-2.2    -1,-0.3    -3,-0.2   -27,-0.2   0.506 131.9 -93.4 -77.0  -2.9   14.2   93.6   97.3
  175  184 A G  T < 5S+     0   0   26     -3,-2.6     2,-0.5     1,-0.3    -3,-0.2   0.624  71.1 151.8 105.2  14.3   15.8   96.6   95.6
  176  185 A V      < -     0   0    2     -5,-2.0    -1,-0.3    -6,-0.2     2,-0.3  -0.672  49.1-118.4 -82.4 127.8   13.7   97.4   92.6
  177  186 A K    >   -     0   0  106    -30,-0.5     3,-2.2    -2,-0.5     4,-0.2  -0.472  16.3-135.0 -66.1 127.0   13.8  101.1   91.6
  178  187 A E  G >  S+     0   0   38      1,-0.3     3,-1.3    -2,-0.3    -1,-0.1   0.839 102.7  55.6 -50.4 -41.7   10.4  102.7   91.8
  179  188 A E  G 3  S+     0   0   81      1,-0.2    -1,-0.3    24,-0.1    -2,-0.1   0.371  99.8  62.5 -77.7   6.6   10.7  104.5   88.5
  180  189 A R  G <  S+     0   0   59     -3,-2.2   -29,-2.1   -31,-0.1     2,-0.7   0.280  78.8 101.6-111.0   7.9   11.5  101.2   86.7
  181  190 A I  E <   -f  151   0B   0     -3,-1.3    23,-2.2   -31,-0.2     2,-0.8  -0.835  51.6-167.5 -98.9 113.9    8.2   99.6   87.4
  182  191 A I  E     -fg 152 204B   0    -31,-3.2   -29,-1.3    -2,-0.7     2,-0.9  -0.881   8.6-156.4-102.0 110.6    5.6   99.6   84.5
  183  192 A F  E     -fg 153 205B   0     21,-3.0    23,-2.0    -2,-0.8     2,-0.5  -0.758   7.9-164.0 -88.2 104.9    2.2   98.6   85.8
  184  193 A V  E     +fg 154 206B   0    -31,-2.0   -29,-1.5    -2,-0.9     2,-0.3  -0.801  17.5 170.5 -92.1 127.5    0.2   97.2   82.9
  185  194 A N        -     0   0    0     21,-2.9    23,-0.2    -2,-0.5   -28,-0.1  -0.952  32.1-157.7-137.9 152.9   -3.5   97.1   83.6
  186  195 A I  S    S+     0   0    5    -30,-1.9    22,-0.9     1,-0.3    23,-0.8   0.876  81.6  12.7 -94.9 -49.9   -6.7   96.4   81.7
  187  196 A L  E     +ij 157 209D   1    -31,-2.3   -29,-1.5    21,-0.2    -1,-0.3  -0.995  70.0 175.7-134.1 134.4   -9.5   98.0   83.8
  188  197 A A  E     -ij 158 210D   0     21,-1.8    23,-3.0    -2,-0.4   -29,-0.2  -0.966  24.5-131.9-141.3 156.3   -9.1  100.5   86.6
  189  198 A A    >>  -     0   0    0    -31,-2.4     4,-1.6    -2,-0.3     3,-0.9  -0.818  28.5-119.8-104.8 146.3  -11.1  102.6   89.0
  190  199 A P  H >> S+     0   0   19      0, 0.0     4,-2.0     0, 0.0     3,-0.7   0.935 112.6  52.5 -48.6 -54.7  -10.2  106.3   89.6
  191  200 A Q  H 3> S+     0   0   99      1,-0.3     4,-1.9     2,-0.2     5,-0.1   0.781 106.4  55.1 -55.7 -28.1   -9.7  105.8   93.3
  192  201 A G  H <> S+     0   0    0     -3,-0.9     4,-1.9   -34,-0.3    -1,-0.3   0.880 106.5  50.0 -72.7 -37.8   -7.3  103.0   92.6
  193  202 A I  H <X S+     0   0    0     -4,-1.6     4,-2.0    -3,-0.7    -2,-0.2   0.893 111.1  48.7 -66.9 -41.3   -5.1  105.2   90.4
  194  203 A E  H  X S+     0   0   91     -4,-2.0     4,-1.7     2,-0.2     5,-0.3   0.957 108.4  54.1 -63.3 -49.5   -4.9  107.9   92.9
  195  204 A R  H  X S+     0   0   75     -4,-1.9     4,-1.5     1,-0.2     3,-0.3   0.916 110.7  46.1 -50.4 -49.0   -3.9  105.5   95.7
  196  205 A V  H  X S+     0   0    0     -4,-1.9     4,-3.1     1,-0.2    -1,-0.2   0.884 115.2  44.2 -65.6 -39.9   -1.1  104.1   93.7
  197  206 A F  H  < S+     0   0   19     -4,-2.0    -1,-0.2     1,-0.2    -2,-0.2   0.615 109.7  57.7 -81.9  -9.4    0.3  107.5   92.6
  198  207 A K  H  < S+     0   0  169     -4,-1.7    -1,-0.2    -3,-0.3    -2,-0.2   0.806 119.3  30.4 -84.3 -33.9   -0.1  108.9   96.1
  199  208 A E  H  < S+     0   0   97     -4,-1.5    -2,-0.2    -5,-0.3    -3,-0.2   0.900 136.9  22.0 -90.0 -50.0    2.1  106.1   97.4
  200  209 A Y    ><  +     0   0   21     -4,-3.1     3,-0.9    -5,-0.2    -1,-0.2  -0.706  66.0 170.6-124.1  79.7    4.5  105.5   94.5
  201  210 A P  T 3  S+     0   0   67      0, 0.0    -1,-0.1     0, 0.0    -4,-0.1   0.644  72.7  59.7 -62.3 -18.8    4.5  108.6   92.2
  202  211 A K  T 3  S+     0   0  112      2,-0.1    -5,-0.1  -176,-0.0    -2,-0.0   0.736  80.7  98.0 -87.1 -21.5    7.4  107.4   90.1
  203  212 A V    <   -     0   0    0     -3,-0.9     2,-0.3    -7,-0.2   -21,-0.2  -0.137  68.9-129.7 -62.6 162.2    5.8  104.2   88.7
  204  213 A R  E     - g   0 182B  50    -23,-2.2   -21,-3.0     2,-0.0     2,-0.4  -0.855  18.0-162.3-111.7 150.8    4.2  104.2   85.3
  205  214 A M  E     -bg  27 183B   0   -179,-1.9  -177,-2.8    -2,-0.3     2,-0.5  -0.978   9.0-173.7-138.5 124.9    0.8  102.8   84.5
  206  215 A V  E     +bg  28 184B   0    -23,-2.0   -21,-2.9    -2,-0.4     2,-0.2  -0.978  17.1 173.0-117.4 118.8   -0.7  101.9   81.1
  207  216 A T  E     -b   29   0B   2   -179,-1.4  -177,-1.3    -2,-0.5   -21,-0.2  -0.730  32.8-147.8-117.7 169.3   -4.4  101.0   81.3
  208  217 A A  S    S+     0   0    0    -22,-0.9     2,-0.3     1,-0.4   -21,-0.2   0.592  83.7  10.0-108.9 -22.6   -6.9  100.2   78.5
  209  218 A A  E     -j  187   0D   9    -23,-0.8   -21,-1.8   -24,-0.1     2,-0.5  -0.969  54.3-153.5-161.6 142.0   -9.8  101.6   80.3
  210  219 A V  E     -j  188   0D   6     -2,-0.3   -21,-0.2   -23,-0.2  -193,-0.1  -0.979  25.1-159.3-116.8 125.1  -10.8  103.6   83.4
  211  220 A D        -     0   0    6    -23,-3.0     3,-0.1    -2,-0.5     9,-0.0  -0.218  24.2-101.7 -94.4-172.3  -14.3  103.0   84.8
  212  221 A I  S    S-     0   0   70      9,-1.4     2,-0.2     1,-0.2    -1,-0.1   0.985  73.1 -40.9 -76.5 -66.1  -16.6  105.0   87.1
  213  222 A C  E     -K  221   0E  54      8,-1.3     8,-3.0   -24,-0.1     2,-0.3  -0.830  49.1 -93.5-152.5-171.0  -16.5  103.6   90.6
  214  223 A L  E     -K  220   0E  27     -2,-0.2     6,-0.2     6,-0.2     2,-0.2  -0.871  31.4-136.8-115.5 147.0  -16.4  100.8   93.1
  215  224 A N    >   -     0   0   71      4,-1.8     3,-2.8    -2,-0.3     4,-0.1  -0.508  42.8 -86.1 -96.9 173.4  -19.4   99.1   94.8
  216  225 A S  T 3  S+     0   0  121      1,-0.3    -1,-0.1    -2,-0.2    -2,-0.0   0.506 130.6  57.4 -58.3  -0.5  -19.6   98.2   98.4
  217  226 A R  T 3  S-     0   0  144      2,-0.2    -1,-0.3     0, 0.0     3,-0.1   0.197 118.0-109.6-115.1  15.5  -17.9   94.9   97.4
  218  227 A Y  S <  S+     0   0  138     -3,-2.8     2,-0.3     1,-0.2   -58,-0.2   0.553  72.3 139.2  69.2  11.8  -14.8   96.5   95.8
  219  228 A Y        -     0   0   81     -4,-0.1    -4,-1.8   -60,-0.1    -1,-0.2  -0.678  56.1-114.4 -88.3 140.6  -15.9   95.6   92.3
  220  229 A I  E     -K  214   0E  11     -2,-0.3     5,-0.4    -6,-0.2     4,-0.3  -0.478  38.6-109.5 -73.6 141.4  -15.4   98.1   89.5
  221  230 A V  E    S+K  213   0E  59     -8,-3.0    -9,-1.4     1,-0.3    -8,-1.3  -0.970 102.6   5.5-124.1 135.9  -18.5   99.5   87.8
  222  231 A P  S    S+     0   0   72      0, 0.0    -1,-0.3     0, 0.0    -2,-0.1  -0.986 111.1 145.9 -62.5 -14.1  -19.6   99.0   85.1
  223  232 A G        -     0   0    2      1,-0.2    -2,-0.2   -10,-0.1     3,-0.1  -0.048  60.6-102.8  56.3-150.5  -16.6   96.8   85.6
  224  233 A I        -     0   0   11      1,-0.4     2,-0.2    -4,-0.3    -1,-0.2   0.276  51.3-111.2-154.5  -2.3  -16.3   93.3   84.1
  225  234 A G  S    S-     0   0   40     -5,-0.4     2,-1.0    -3,-0.1    -1,-0.4  -0.601  74.5 -20.8  92.0-160.5  -17.0   91.0   87.1
  226  235 A D     >  -     0   0   53     -2,-0.2     4,-2.6     1,-0.2     5,-0.2  -0.738  60.3-163.7 -86.9 105.9  -14.2   88.9   88.5
  227  236 A F  H  > S+     0   0    3     -2,-1.0     4,-3.2     1,-0.2     5,-0.3   0.912  85.5  52.7 -54.8 -47.7  -11.6   88.7   85.8
  228  237 A G  H  > S+     0   0    2      2,-0.2     4,-2.3     1,-0.2     5,-0.3   0.910 112.6  42.9 -55.9 -49.0   -9.8   85.7   87.4
  229  238 A D  H  >>S+     0   0   43      1,-0.2     4,-1.6     2,-0.2     5,-1.4   0.944 117.2  47.7 -62.5 -48.8  -12.9   83.6   87.8
  230  239 A R  H  <5S+     0   0   38     -4,-2.6    -2,-0.2     3,-0.2    -1,-0.2   0.892 116.1  43.1 -60.8 -42.6  -14.1   84.5   84.3
  231  240 A Y  H  <5S+     0   0   29     -4,-3.2    -2,-0.2    -5,-0.2    -3,-0.2   0.970 123.4  32.8 -70.8 -55.1  -10.8   83.9   82.6
  232  241 A F  H  <5S-     0   0   93     -4,-2.3    -2,-0.2    -5,-0.3    -1,-0.2   0.592 109.5-119.1 -79.4 -10.6   -9.7   80.6   84.3
  233  242 A G  T  <5S+     0   0   47     -4,-1.6    -3,-0.2    -5,-0.3    -4,-0.1   0.878  70.4 131.9  77.5  40.9  -13.3   79.4   84.6
  234  243 A T      <       0   0   80     -5,-1.4    -4,-0.2    -6,-0.2    -5,-0.1  -0.136 360.0 360.0-112.2  35.0  -13.7   79.0   88.4
  235  244 A M              0   0  158     -6,-0.5    -5,-0.0    -5,-0.1    -7,-0.0  -0.083 360.0 360.0 -40.8 360.0  -17.0   80.9   88.4
