# BLASTP 2.7.1+
# Query: 2BE9_ca
# Database: nr
# Fields: query id, subject gi, % identity, alignment length, mismatches, gap opens, q. start, q. end, s. start, s. end, evalue, bit score
# 501 hits found
2BE9_ca	505198538	98.667	150	0	1	1	148	15	164	7.22e-99	290
2BE9_ca	49258478	98.667	150	0	1	1	148	15	164	1.02e-98	290
2BE9_ca	3024495	98.667	150	0	1	1	148	11	160	1.07e-98	289
2BE9_ca	566047926	96.667	150	3	1	1	148	11	160	1.00e-97	287
2BE9_ca	919521123	75.000	148	37	0	1	148	10	157	1.63e-75	231
2BE9_ca	1062514594	69.128	149	44	1	1	147	11	159	8.64e-68	211
2BE9_ca	500928970	66.000	150	49	1	1	148	9	158	2.31e-66	207
2BE9_ca	583848363	67.114	149	47	1	1	147	6	154	2.78e-65	204
2BE9_ca	881145297	65.333	150	50	1	1	148	9	158	4.17e-65	204
2BE9_ca	497676958	64.430	149	51	1	1	147	11	159	5.90e-64	201
2BE9_ca	6015860	64.430	149	51	1	1	147	15	163	7.58e-64	201
2BE9_ca	502108540	64.430	149	51	1	1	147	11	159	1.23e-63	201
2BE9_ca	939159769	62.416	149	54	1	1	147	7	155	7.91e-63	198
2BE9_ca	332694547	64.430	149	51	1	1	147	6	154	1.65e-62	197
2BE9_ca	850915124	64.430	149	51	1	1	147	8	156	1.74e-62	197
2BE9_ca	939151781	62.416	149	54	1	1	147	7	155	2.14e-62	197
2BE9_ca	1188288025	63.333	150	53	1	1	148	6	155	1.07e-60	193
2BE9_ca	851186625	59.732	149	58	1	1	147	6	154	2.25e-57	184
2BE9_ca	612168197	59.732	149	58	1	1	147	9	157	2.27e-57	184
2BE9_ca	850926153	67.114	149	47	1	1	147	14	162	1.26e-56	183
2BE9_ca	329566324	67.114	149	47	1	1	147	6	154	1.34e-56	182
2BE9_ca	496366484	65.101	149	50	1	1	147	6	154	1.08e-55	180
2BE9_ca	942704832	52.349	149	68	2	1	146	8	156	2.21e-53	175
2BE9_ca	503370672	56.552	145	60	2	1	142	8	152	3.16e-53	174
2BE9_ca	1071374659	57.241	145	59	2	1	142	10	154	8.49e-53	173
2BE9_ca	961369179	53.020	149	67	2	1	146	8	156	3.10e-52	172
2BE9_ca	503793057	52.667	150	68	2	1	147	7	156	2.04e-51	169
2BE9_ca	503101429	54.483	145	63	2	1	142	8	152	8.44e-51	168
2BE9_ca	974335418	55.172	145	62	2	1	142	8	152	3.81e-50	166
2BE9_ca	974274657	55.172	145	62	2	1	142	8	152	4.80e-50	166
2BE9_ca	1173371561	55.862	145	61	2	1	142	8	152	9.66e-50	165
2BE9_ca	850995405	54.967	151	64	4	1	148	11	160	1.77e-49	165
2BE9_ca	182676534	54.967	151	64	4	1	148	12	161	1.95e-49	165
2BE9_ca	304378365	55.172	145	62	2	1	142	9	153	3.42e-49	164
2BE9_ca	985631681	50.993	151	71	2	1	148	13	163	6.84e-49	163
2BE9_ca	500145298	51.007	149	70	2	1	146	8	156	1.71e-48	162
2BE9_ca	503031910	52.980	151	68	2	1	148	3	153	5.12e-48	161
2BE9_ca	500164282	55.172	145	62	2	1	142	14	158	7.02e-48	161
2BE9_ca	383795189	56.164	146	61	2	1	143	8	153	1.17e-47	160
2BE9_ca	530786277	52.667	150	68	2	1	147	6	155	1.27e-47	160
2BE9_ca	501265792	53.289	152	66	3	1	148	6	156	1.28e-47	160
2BE9_ca	502907579	55.172	145	62	2	1	142	6	150	1.88e-47	159
2BE9_ca	499321225	52.703	148	66	2	2	146	6	152	2.47e-47	159
2BE9_ca	500076808	50.667	150	71	2	1	147	6	155	3.90e-47	159
2BE9_ca	974318376	54.305	151	65	4	1	148	11	160	3.92e-47	159
2BE9_ca	229576765	59.559	136	52	2	1	133	6	141	1.08e-46	157
2BE9_ca	166216664	58.824	136	53	2	1	133	6	141	1.31e-46	157
2BE9_ca	974305526	53.642	151	66	4	1	148	11	160	1.42e-46	157
2BE9_ca	503444604	58.088	136	54	2	1	133	7	142	2.56e-46	156
2BE9_ca	1055042779	52.980	151	67	4	1	148	11	160	2.80e-46	157
2BE9_ca	356642084	58.824	136	53	2	1	133	25	160	3.66e-46	157
2BE9_ca	166216663	58.088	136	54	2	1	133	6	141	8.07e-46	155
2BE9_ca	503892715	58.088	136	54	2	1	133	6	141	9.82e-46	155
2BE9_ca	921305263	57.353	136	55	2	1	133	6	141	1.11e-45	155
2BE9_ca	119673427	57.353	136	55	2	1	133	26	161	1.65e-45	155
2BE9_ca	778567806	57.353	136	55	2	1	133	7	142	1.67e-45	154
2BE9_ca	974306113	57.353	136	55	2	1	133	7	142	1.81e-45	154
2BE9_ca	908352721	58.088	136	54	2	1	133	6	141	1.85e-45	154
2BE9_ca	1173393456	57.353	136	55	2	1	133	7	142	1.89e-45	154
2BE9_ca	22096026	57.353	136	55	2	1	133	6	141	2.83e-45	154
2BE9_ca	499187279	52.349	149	65	3	2	146	6	152	4.99e-45	153
2BE9_ca	557077270	49.664	149	72	2	1	146	14	162	9.16e-45	153
2BE9_ca	429133737	51.656	151	70	2	1	148	10	160	1.12e-44	152
2BE9_ca	889431120	51.656	151	70	2	1	148	12	162	1.31e-44	152
2BE9_ca	557079970	49.664	149	72	2	1	146	14	162	1.40e-44	152
2BE9_ca	919586277	51.333	150	70	2	1	148	7	155	1.44e-44	152
2BE9_ca	557074848	50.336	149	71	2	1	146	14	162	1.51e-44	152
2BE9_ca	1007508529	46.939	147	76	1	2	146	8	154	2.32e-44	151
2BE9_ca	503233047	50.340	147	70	2	2	146	6	151	2.58e-44	151
2BE9_ca	557078365	48.993	149	73	2	1	146	14	162	3.36e-44	151
2BE9_ca	948717610	50.340	147	70	2	2	146	6	151	4.08e-44	151
2BE9_ca	851312383	49.315	146	73	1	2	146	9	154	5.38e-44	150
2BE9_ca	22096368	50.000	146	72	1	2	146	11	156	5.78e-44	150
2BE9_ca	850990386	50.000	146	72	1	2	146	9	154	6.41e-44	150
2BE9_ca	985666932	50.336	149	72	1	2	148	8	156	6.74e-44	150
2BE9_ca	1123813374	50.685	146	71	1	2	146	9	154	7.89e-44	150
2BE9_ca	973042221	50.685	146	71	1	2	147	6	150	1.04e-43	150
2BE9_ca	2621941	50.000	146	72	1	2	146	29	174	1.33e-43	150
2BE9_ca	503514371	49.324	148	71	2	2	146	6	152	1.37e-43	149
2BE9_ca	503061081	49.315	146	73	1	2	146	9	154	1.42e-43	149
2BE9_ca	1056907346	49.324	148	71	2	2	146	6	152	4.96e-43	148
2BE9_ca	985656900	49.664	149	73	1	2	148	8	156	5.48e-43	148
2BE9_ca	503671419	48.980	147	72	2	2	146	6	151	5.79e-43	148
2BE9_ca	1057204377	48.649	148	72	2	2	146	6	152	6.04e-43	148
2BE9_ca	504546767	50.336	149	68	3	2	146	6	152	8.56e-43	147
2BE9_ca	505133728	51.773	141	63	2	2	140	13	150	1.05e-42	147
2BE9_ca	971877434	47.945	146	75	1	2	147	6	150	1.09e-42	147
2BE9_ca	974334038	50.667	150	70	3	1	147	6	154	1.17e-42	147
2BE9_ca	499170165	48.649	148	72	2	2	146	6	152	1.24e-42	147
2BE9_ca	506329011	49.315	146	73	1	2	147	6	150	1.38e-42	147
2BE9_ca	985662670	48.993	149	74	1	2	148	8	156	1.48e-42	147
2BE9_ca	495258124	52.482	141	62	2	2	140	8	145	1.51e-42	147
2BE9_ca	1231994363	51.701	147	69	1	2	146	14	160	1.73e-42	147
2BE9_ca	1063840737	52.482	141	62	2	2	140	8	145	1.76e-42	147
2BE9_ca	495701281	49.645	141	66	2	2	140	12	149	2.27e-42	147
2BE9_ca	500798646	52.349	149	67	3	2	146	6	154	2.64e-42	146
2BE9_ca	503179570	52.113	142	67	1	2	142	9	150	3.85e-42	146
2BE9_ca	1007512416	49.324	148	72	2	2	146	14	161	3.91e-42	146
2BE9_ca	851302464	48.980	147	72	2	2	146	6	151	4.61e-42	145
2BE9_ca	985672125	47.619	147	75	1	2	146	9	155	5.27e-42	145
2BE9_ca	757142988	49.315	146	73	1	2	147	6	150	5.51e-42	145
2BE9_ca	1125363796	45.578	147	78	1	2	146	15	161	6.18e-42	145
2BE9_ca	974127562	46.980	149	76	2	1	146	8	156	7.05e-42	145
2BE9_ca	1198921530	47.945	146	75	1	2	147	6	150	8.34e-42	145
2BE9_ca	1181256507	52.482	141	62	2	2	140	35	172	1.24e-41	145
2BE9_ca	1111744986	47.945	146	75	1	2	146	9	154	1.89e-41	144
2BE9_ca	972326430	51.773	141	63	2	2	140	8	145	2.05e-41	144
2BE9_ca	961365019	50.355	141	65	2	2	140	8	145	2.22e-41	144
2BE9_ca	490168636	47.260	146	76	1	2	147	6	150	2.28e-41	144
2BE9_ca	504602023	47.619	147	74	2	2	146	6	151	2.62e-41	144
2BE9_ca	1057303330	48.980	147	72	2	2	146	6	151	2.95e-41	144
2BE9_ca	494236962	50.000	142	66	2	1	140	10	148	3.08e-41	144
2BE9_ca	501567964	50.340	147	70	2	2	146	6	151	3.26e-41	143
2BE9_ca	22654012	50.704	142	65	2	1	140	8	146	3.38e-41	144
2BE9_ca	1224887091	51.773	141	63	2	2	140	35	172	3.55e-41	144
2BE9_ca	499206616	50.704	142	65	2	1	140	13	151	3.56e-41	144
2BE9_ca	445796386	50.355	141	65	2	2	140	14	151	3.65e-41	144
2BE9_ca	1224514451	48.980	147	70	2	2	146	10	153	3.71e-41	144
2BE9_ca	909676601	50.355	141	65	2	2	140	11	148	3.76e-41	143
2BE9_ca	1221661141	50.355	141	65	2	2	140	9	146	3.77e-41	143
2BE9_ca	851145927	49.315	146	73	1	2	146	9	154	3.82e-41	144
2BE9_ca	939571506	44.898	147	79	1	2	146	8	154	3.85e-41	143
2BE9_ca	1125426000	45.578	147	78	1	2	146	12	158	4.59e-41	143
2BE9_ca	985663166	46.259	147	77	1	2	146	8	154	5.73e-41	143
2BE9_ca	490158269	46.939	147	73	2	2	146	9	152	6.14e-41	143
2BE9_ca	972470393	48.993	149	70	3	2	148	8	152	6.25e-41	143
2BE9_ca	1175823937	51.773	141	63	2	2	140	35	172	6.33e-41	144
2BE9_ca	1231998207	50.336	149	69	2	2	147	6	152	8.39e-41	142
2BE9_ca	1054060787	51.064	141	64	2	2	140	8	145	9.04e-41	142
2BE9_ca	942063477	49.315	146	73	1	2	147	6	150	9.31e-41	142
2BE9_ca	506243481	48.649	148	70	3	2	147	9	152	9.63e-41	142
2BE9_ca	541190783	49.660	147	69	3	2	146	10	153	1.20e-40	142
2BE9_ca	939573362	44.898	147	79	1	2	146	8	154	1.25e-40	142
2BE9_ca	495592951	46.259	147	74	2	2	146	9	152	1.28e-40	142
2BE9_ca	1214755711	48.980	147	72	2	2	146	6	151	1.30e-40	142
2BE9_ca	985673199	43.537	147	81	1	2	146	10	156	1.31e-40	142
2BE9_ca	1129849741	46.259	147	77	1	2	146	8	154	1.34e-40	142
2BE9_ca	503646621	49.660	147	68	3	2	146	18	160	1.35e-40	142
2BE9_ca	496824625	50.355	141	65	2	2	140	8	145	1.41e-40	142
2BE9_ca	851112026	48.630	146	74	1	2	146	9	154	1.80e-40	142
2BE9_ca	566004888	47.945	146	75	1	2	146	9	154	2.10e-40	142
2BE9_ca	521280964	50.355	141	65	2	2	140	8	145	2.15e-40	141
2BE9_ca	910097550	47.619	147	74	2	2	146	6	151	2.37e-40	141
2BE9_ca	943598131	48.299	147	73	2	2	146	6	151	2.40e-40	141
2BE9_ca	503779258	48.299	147	73	2	2	146	6	151	2.40e-40	141
2BE9_ca	1214771167	46.575	146	76	2	2	146	6	150	2.68e-40	141
2BE9_ca	1090715016	47.619	147	72	2	2	146	10	153	3.01e-40	141
2BE9_ca	1011475616	48.299	147	73	2	2	146	6	151	3.19e-40	141
2BE9_ca	499570362	47.917	144	72	2	5	146	10	152	3.55e-40	141
2BE9_ca	1208916510	48.980	147	72	2	2	146	6	151	3.59e-40	141
2BE9_ca	973021290	48.980	147	72	3	2	146	9	154	4.34e-40	140
2BE9_ca	909683745	50.340	147	67	3	2	146	16	158	4.36e-40	141
2BE9_ca	1221742566	49.645	141	66	2	2	140	8	145	4.40e-40	140
2BE9_ca	968545374	46.259	147	74	2	2	146	9	152	4.57e-40	140
2BE9_ca	1214751790	47.619	147	74	2	2	146	6	151	4.93e-40	140
2BE9_ca	910015593	52.899	138	60	2	2	137	8	142	4.96e-40	140
2BE9_ca	971869914	47.619	147	74	2	2	146	6	151	5.62e-40	140
2BE9_ca	1125374989	46.939	147	75	2	2	146	12	157	5.91e-40	140
2BE9_ca	1221532985	51.449	138	62	3	2	137	8	142	5.97e-40	140
2BE9_ca	1125373396	46.939	147	75	2	2	146	12	157	6.24e-40	140
2BE9_ca	1221528471	48.936	141	67	2	2	140	8	145	6.59e-40	140
2BE9_ca	1255279539	49.660	147	68	3	2	146	18	160	9.21e-40	140
2BE9_ca	506268514	47.518	141	69	2	2	140	9	146	9.47e-40	140
2BE9_ca	1124508158	46.939	147	73	2	2	146	9	152	9.49e-40	140
2BE9_ca	1214753992	46.939	147	75	2	2	146	6	151	1.00e-39	140
2BE9_ca	494168618	48.299	147	70	3	2	146	18	160	1.06e-39	140
2BE9_ca	1007514255	47.973	148	73	3	2	146	8	154	1.12e-39	140
2BE9_ca	541198044	48.299	147	70	3	2	146	8	150	1.15e-39	139
2BE9_ca	909680027	49.660	147	68	3	2	146	14	156	1.27e-39	140
2BE9_ca	1222566359	49.275	138	65	2	2	137	18	152	1.28e-39	140
2BE9_ca	910244095	49.645	141	66	2	2	140	10	147	1.28e-39	139
2BE9_ca	1124593894	48.936	141	67	2	2	140	8	145	1.31e-39	139
2BE9_ca	495584168	47.297	148	72	3	2	147	10	153	1.35e-39	139
2BE9_ca	1271418666	48.299	147	73	2	2	146	6	151	1.36e-39	139
2BE9_ca	757136693	48.299	147	73	2	2	146	6	151	1.52e-39	139
2BE9_ca	492946806	46.259	147	74	2	2	146	8	151	1.61e-39	139
2BE9_ca	937364661	47.518	141	69	2	2	140	8	145	1.63e-39	139
2BE9_ca	515912789	51.079	139	61	4	2	137	8	142	1.71e-39	139
2BE9_ca	1231985250	46.939	147	76	1	2	146	8	154	1.73e-39	139
2BE9_ca	1007513330	46.259	147	77	1	2	146	8	154	1.73e-39	139
2BE9_ca	503888654	48.299	147	73	2	2	146	6	151	1.75e-39	139
2BE9_ca	495800918	47.518	141	69	2	2	140	9	146	1.76e-39	139
2BE9_ca	490650469	47.297	148	72	3	2	147	10	153	1.81e-39	139
2BE9_ca	490733297	49.275	138	65	2	2	137	8	142	1.82e-39	139
2BE9_ca	494804672	45.578	147	75	2	2	146	9	152	1.91e-39	139
2BE9_ca	910053520	50.000	142	64	4	2	140	8	145	1.94e-39	139
2BE9_ca	1221562640	48.936	141	67	2	2	140	8	145	1.98e-39	139
2BE9_ca	1253132058	47.297	148	75	1	2	146	8	155	2.02e-39	139
2BE9_ca	851163228	49.630	135	65	2	2	133	6	140	2.08e-39	139
2BE9_ca	517069811	47.973	148	71	3	2	147	9	152	2.21e-39	139
2BE9_ca	998173707	42.667	150	83	2	2	148	12	161	2.26e-39	139
2BE9_ca	1055292043	46.309	149	75	2	1	147	11	156	2.27e-39	139
2BE9_ca	495717769	49.275	138	65	2	2	137	8	142	2.32e-39	139
2BE9_ca	1221696053	48.936	141	67	2	2	140	8	145	2.39e-39	139
2BE9_ca	1246808270	49.275	138	65	2	2	137	8	142	2.45e-39	139
2BE9_ca	1214773198	46.528	144	74	2	5	146	9	151	2.53e-39	139
2BE9_ca	972339283	47.297	148	72	3	2	147	10	153	2.74e-39	139
2BE9_ca	1221638321	46.259	147	74	2	2	146	10	153	2.91e-39	139
2BE9_ca	490143141	45.578	147	75	2	2	146	9	152	3.02e-39	139
2BE9_ca	495599593	45.578	147	75	2	2	146	9	152	3.05e-39	139
2BE9_ca	493714242	50.000	140	65	2	2	139	18	154	3.08e-39	139
2BE9_ca	928944467	46.622	148	73	3	2	147	10	153	3.08e-39	139
2BE9_ca	498165086	44.898	147	78	2	2	146	6	151	3.36e-39	138
2BE9_ca	491118599	45.578	147	75	2	2	146	9	152	3.44e-39	138
2BE9_ca	1254073250	50.000	138	64	2	2	137	8	142	3.54e-39	138
2BE9_ca	985664005	46.259	147	77	1	2	146	8	154	3.64e-39	138
2BE9_ca	506339975	48.299	147	73	2	2	146	6	151	3.67e-39	138
2BE9_ca	491099094	48.227	141	68	2	2	140	10	147	3.79e-39	138
2BE9_ca	1134716862	48.980	147	69	3	2	146	18	160	3.84e-39	139
2BE9_ca	495856342	48.551	138	66	2	2	137	8	142	3.87e-39	138
2BE9_ca	1125218078	44.218	147	80	1	2	146	12	158	3.93e-39	138
2BE9_ca	493679814	48.551	138	66	2	2	137	8	142	4.08e-39	138
2BE9_ca	910073536	48.299	147	70	3	2	146	17	159	4.11e-39	138
2BE9_ca	1125194275	45.578	147	78	1	2	146	6	152	4.55e-39	138
2BE9_ca	1068511629	50.000	146	72	1	2	146	9	154	4.58e-39	138
2BE9_ca	410599616	47.945	146	75	1	2	146	9	154	5.47e-39	138
2BE9_ca	851122260	48.551	138	66	2	2	137	8	142	5.73e-39	138
2BE9_ca	500170103	48.592	142	68	2	1	140	11	149	5.74e-39	138
2BE9_ca	497447158	48.227	141	68	2	2	140	8	145	5.79e-39	138
2BE9_ca	493474971	48.980	147	69	3	2	146	18	160	6.07e-39	138
2BE9_ca	1224906885	48.551	138	66	2	2	137	8	142	6.75e-39	137
2BE9_ca	871310833	50.000	138	64	2	5	140	1	135	7.00e-39	137
2BE9_ca	445608735	50.355	141	65	2	2	140	14	151	7.62e-39	138
2BE9_ca	493881284	49.286	140	66	2	2	139	18	154	7.78e-39	138
2BE9_ca	1233121701	47.826	138	67	2	2	137	8	142	7.94e-39	137
2BE9_ca	851139099	50.000	146	72	1	2	146	9	154	7.99e-39	137
2BE9_ca	503449149	51.773	141	65	2	2	139	7	147	8.55e-39	137
2BE9_ca	505046185	50.355	141	65	2	2	140	11	148	8.76e-39	137
2BE9_ca	530554924	47.297	148	76	1	2	147	9	156	9.35e-39	137
2BE9_ca	491677814	45.270	148	75	3	2	147	10	153	9.59e-39	137
2BE9_ca	494468148	48.551	138	66	2	2	137	26	160	1.04e-38	138
2BE9_ca	1222455118	47.101	138	68	2	2	137	18	152	1.05e-38	137
2BE9_ca	494970770	49.660	147	68	3	2	146	9	151	1.05e-38	137
2BE9_ca	493196473	47.619	147	71	3	2	146	18	160	1.07e-38	137
2BE9_ca	495274941	47.101	138	68	2	2	137	8	142	1.08e-38	137
2BE9_ca	1134340587	47.101	138	68	2	2	137	17	151	1.12e-38	137
2BE9_ca	493048127	50.000	140	65	2	2	139	18	154	1.13e-38	137
2BE9_ca	1131823811	47.101	138	68	2	2	137	22	156	1.13e-38	137
2BE9_ca	910226372	47.826	138	67	2	2	137	8	142	1.18e-38	137
2BE9_ca	910220417	47.826	138	67	2	2	137	8	142	1.19e-38	137
2BE9_ca	1224610987	47.619	147	72	2	2	146	8	151	1.29e-38	137
2BE9_ca	1214745806	47.222	144	73	2	5	146	10	152	1.33e-38	137
2BE9_ca	1221678461	44.898	147	76	2	2	146	8	151	1.39e-38	137
2BE9_ca	495734590	48.299	147	70	3	2	146	18	160	1.41e-38	137
2BE9_ca	1268184819	47.619	147	71	3	2	146	18	160	1.44e-38	137
2BE9_ca	490730019	46.622	148	73	3	2	147	10	153	1.48e-38	137
2BE9_ca	557614617	48.921	139	65	3	2	137	8	143	1.55e-38	137
2BE9_ca	493159796	47.826	138	67	2	2	137	18	152	1.58e-38	137
2BE9_ca	910055591	48.921	139	64	4	2	137	8	142	1.69e-38	137
2BE9_ca	541192347	48.921	139	65	3	2	137	8	143	1.71e-38	137
2BE9_ca	1054518969	48.299	147	70	3	2	146	18	160	1.77e-38	137
2BE9_ca	493699034	48.980	147	69	3	2	146	18	160	1.77e-38	137
2BE9_ca	493185371	48.980	147	69	3	2	146	18	160	1.77e-38	137
2BE9_ca	1222327083	47.619	147	71	3	2	146	9	151	1.91e-38	136
2BE9_ca	927058408	50.360	139	62	4	2	137	8	142	2.07e-38	136
2BE9_ca	851321129	47.887	142	69	2	1	140	11	149	2.08e-38	136
2BE9_ca	1221689335	49.645	141	66	2	2	140	8	145	2.11e-38	136
2BE9_ca	505222799	48.936	141	67	2	2	140	8	145	2.14e-38	136
2BE9_ca	1214741684	46.939	147	75	2	2	146	6	151	2.27e-38	136
2BE9_ca	490129389	47.260	146	76	1	2	146	9	154	2.75e-38	136
2BE9_ca	851286830	48.252	143	71	2	2	142	6	147	2.92e-38	136
2BE9_ca	1176190126	48.252	143	72	2	1	142	8	149	3.24e-38	136
2BE9_ca	545903295	48.227	141	68	2	2	140	10	147	3.37e-38	136
2BE9_ca	491708773	48.936	141	67	2	2	140	15	152	3.74e-38	136
2BE9_ca	928923179	48.227	141	68	2	2	140	8	145	3.94e-38	135
2BE9_ca	1120447066	47.518	141	69	2	2	140	10	147	4.04e-38	135
2BE9_ca	1133764311	48.299	147	70	3	2	146	18	160	4.14e-38	136
2BE9_ca	1271468567	47.101	138	68	2	2	137	8	142	4.17e-38	135
2BE9_ca	1214743358	46.528	144	74	2	5	146	9	151	4.18e-38	135
2BE9_ca	433290199	48.980	147	69	3	2	146	9	151	4.30e-38	135
2BE9_ca	1011493757	46.528	144	74	2	5	146	10	152	4.31e-38	135
2BE9_ca	1123828007	46.309	149	74	3	1	147	11	155	4.56e-38	135
2BE9_ca	1132276097	47.518	141	69	2	2	140	8	145	4.79e-38	135
2BE9_ca	1085056138	49.635	137	67	1	2	136	6	142	5.14e-38	135
2BE9_ca	663503799	46.479	142	75	1	2	142	8	149	5.60e-38	135
2BE9_ca	1125708324	54.015	137	58	3	2	133	6	142	6.71e-38	135
2BE9_ca	851167752	59.821	112	42	2	2	111	6	116	7.09e-38	135
2BE9_ca	1197980694	46.809	141	70	2	2	140	14	151	7.14e-38	135
2BE9_ca	1110678415	48.630	146	74	1	2	146	9	154	7.43e-38	135
2BE9_ca	495278739	47.101	138	68	2	2	137	8	142	7.76e-38	135
2BE9_ca	502707650	47.826	138	67	2	2	137	17	151	7.98e-38	135
2BE9_ca	968554385	47.183	142	68	4	2	140	8	145	9.50e-38	135
2BE9_ca	973159864	47.887	142	69	2	1	140	11	149	1.04e-37	135
2BE9_ca	1159301018	47.518	141	69	2	2	140	8	145	1.05e-37	134
2BE9_ca	1110706864	49.645	141	66	2	2	140	10	147	1.08e-37	134
2BE9_ca	818864633	47.183	142	73	2	2	142	6	146	1.09e-37	134
2BE9_ca	1084275722	49.645	141	66	2	2	140	10	147	1.11e-37	134
2BE9_ca	1123357194	50.704	142	65	3	1	140	11	149	1.33e-37	134
2BE9_ca	490145424	47.101	138	68	2	2	137	8	142	1.37e-37	134
2BE9_ca	1224674017	48.227	141	68	2	2	140	9	146	1.41e-37	134
2BE9_ca	909692942	46.259	147	74	2	2	146	8	151	1.49e-37	134
2BE9_ca	493705141	46.809	141	70	2	2	140	18	155	1.51e-37	134
2BE9_ca	504679553	50.704	142	65	3	1	140	11	149	1.51e-37	134
2BE9_ca	1204972612	49.286	140	66	2	2	139	18	154	1.54e-37	134
2BE9_ca	22096017	46.939	147	76	2	2	146	7	153	1.59e-37	134
2BE9_ca	910076229	46.309	149	74	3	2	148	9	153	1.64e-37	134
2BE9_ca	1083049558	44.898	147	79	1	2	146	8	154	1.67e-37	134
2BE9_ca	496125141	48.921	139	64	4	2	137	8	142	1.68e-37	134
2BE9_ca	652836631	46.939	147	72	3	2	146	24	166	1.77e-37	134
2BE9_ca	493012165	46.939	147	72	3	2	146	26	168	1.83e-37	134
2BE9_ca	557610033	44.898	147	75	3	2	146	8	150	1.88e-37	134
2BE9_ca	1197631749	46.099	141	74	1	2	140	8	148	1.91e-37	134
2BE9_ca	1224644665	48.227	141	68	2	2	140	9	146	1.91e-37	134
2BE9_ca	1244065725	45.775	142	76	1	2	142	8	149	2.00e-37	134
2BE9_ca	751385866	47.586	145	69	4	2	143	11	151	2.15e-37	134
2BE9_ca	496170963	46.259	147	73	3	2	146	17	159	2.27e-37	134
2BE9_ca	1085041453	48.175	137	69	1	2	136	6	142	2.32e-37	134
2BE9_ca	1124901207	47.101	138	71	1	2	137	7	144	2.50e-37	134
2BE9_ca	1003585475	44.444	144	78	1	1	142	15	158	2.59e-37	134
2BE9_ca	1221751028	44.218	147	77	2	2	146	8	151	2.68e-37	134
2BE9_ca	1100834577	46.809	141	70	2	2	140	18	155	2.84e-37	134
2BE9_ca	490388339	47.143	140	69	2	2	139	18	154	2.87e-37	134
2BE9_ca	851220484	47.887	142	69	2	1	140	11	149	2.97e-37	134
2BE9_ca	750400693	46.897	145	74	2	5	146	11	155	3.09e-37	134
2BE9_ca	511306511	46.897	145	74	2	5	146	11	155	3.16e-37	134
2BE9_ca	921070080	46.575	146	76	2	2	145	7	152	3.41e-37	133
2BE9_ca	1222252728	46.939	147	72	3	2	146	26	168	3.48e-37	134
2BE9_ca	506390299	48.921	139	64	4	2	137	8	142	3.53e-37	133
2BE9_ca	541182713	47.552	143	70	2	2	142	31	170	3.67e-37	134
2BE9_ca	1224683676	45.270	148	75	3	2	147	8	151	3.73e-37	133
2BE9_ca	1276443870	44.056	143	76	2	2	142	13	153	3.96e-37	133
2BE9_ca	909686079	48.921	139	64	4	2	137	8	142	4.30e-37	133
2BE9_ca	1224797907	49.640	139	63	4	2	137	9	143	4.38e-37	133
2BE9_ca	491186382	48.227	141	68	2	2	140	11	148	4.45e-37	133
2BE9_ca	1129864075	42.568	148	82	2	2	146	8	155	4.57e-37	133
2BE9_ca	503816892	44.681	141	73	2	2	140	8	145	5.27e-37	133
2BE9_ca	1147395457	46.809	141	70	2	2	140	9	146	5.55e-37	133
2BE9_ca	1246806374	49.640	139	63	4	2	137	9	143	5.76e-37	133
2BE9_ca	541202665	48.227	141	68	2	2	140	154	291	5.82e-37	137
2BE9_ca	541202665	52.941	85	38	1	2	84	8	92	6.87e-20	92.8
2BE9_ca	492957476	47.619	147	71	3	2	146	18	160	5.84e-37	133
2BE9_ca	1083691146	46.479	142	75	1	2	142	6	147	6.22e-37	132
2BE9_ca	544639121	50.000	138	64	3	2	137	9	143	6.28e-37	132
2BE9_ca	493940022	47.826	138	67	2	2	137	8	142	6.63e-37	132
2BE9_ca	1280806403	44.444	144	78	1	1	142	15	158	6.75e-37	133
2BE9_ca	1055410291	46.309	149	74	3	1	147	11	155	7.68e-37	132
2BE9_ca	1054647950	45.652	138	70	2	2	137	8	142	8.09e-37	132
2BE9_ca	1277768186	44.755	143	75	2	2	142	14	154	8.29e-37	132
2BE9_ca	1279333723	44.444	144	78	1	1	142	7	150	8.43e-37	132
2BE9_ca	557612327	48.299	147	70	3	2	146	10	152	9.27e-37	132
2BE9_ca	973084155	47.518	141	72	1	2	140	10	150	1.05e-36	132
2BE9_ca	524054284	47.143	140	69	4	2	138	11	148	1.25e-36	132
2BE9_ca	1083452778	48.571	140	68	3	2	138	6	144	1.25e-36	132
2BE9_ca	1224917156	46.939	147	72	3	2	146	18	160	1.28e-36	132
2BE9_ca	502721539	45.890	146	77	2	2	146	8	152	1.35e-36	132
2BE9_ca	1219369832	47.887	142	67	4	2	140	8	145	1.35e-36	132
2BE9_ca	939148355	46.575	146	77	1	2	146	3	148	1.40e-36	132
2BE9_ca	1276421605	47.552	143	71	3	2	142	6	146	1.42e-36	132
2BE9_ca	495285577	46.939	147	72	3	2	146	18	160	1.49e-36	132
2BE9_ca	492981285	47.518	141	69	2	2	140	11	148	1.51e-36	132
2BE9_ca	499642737	47.518	141	69	2	2	140	8	145	1.60e-36	132
2BE9_ca	910069236	48.980	147	70	3	2	146	10	153	1.62e-36	132
2BE9_ca	970459677	46.259	147	76	2	2	145	7	153	1.72e-36	132
2BE9_ca	502729666	52.593	135	61	2	2	133	6	140	1.85e-36	131
2BE9_ca	503565553	51.095	137	64	2	2	137	8	142	1.98e-36	131
2BE9_ca	1085037908	48.889	135	67	1	2	134	6	140	2.03e-36	131
2BE9_ca	921070880	43.537	147	81	1	2	146	8	154	2.24e-36	131
2BE9_ca	121694125	46.429	140	73	1	2	139	8	147	2.29e-36	131
2BE9_ca	1221602372	46.309	149	74	3	2	148	8	152	2.32e-36	131
2BE9_ca	1055488208	45.890	146	77	2	2	146	8	152	2.37e-36	131
2BE9_ca	757149234	46.575	146	77	1	2	146	8	153	2.62e-36	131
2BE9_ca	1278161533	43.537	147	81	1	2	146	8	154	2.76e-36	131
2BE9_ca	1081853197	50.350	143	64	4	2	139	10	150	2.77e-36	131
2BE9_ca	495665301	42.857	147	79	2	2	146	8	151	3.21e-36	131
2BE9_ca	944551433	42.657	143	80	2	1	142	8	149	3.39e-36	131
2BE9_ca	374852926	43.885	139	76	1	2	138	8	146	3.78e-36	130
2BE9_ca	1224874474	45.578	147	75	2	2	146	11	154	3.87e-36	130
2BE9_ca	1277974334	49.275	138	65	3	2	134	6	143	3.99e-36	130
2BE9_ca	502705273	50.704	142	67	2	1	139	6	147	4.37e-36	130
2BE9_ca	1101260481	42.138	159	74	3	2	142	7	165	4.61e-36	131
2BE9_ca	1231979453	48.667	150	69	3	2	148	10	154	5.05e-36	130
2BE9_ca	1082358600	43.537	147	81	1	2	146	9	155	5.06e-36	130
2BE9_ca	851192174	42.759	145	83	0	2	146	7	151	5.71e-36	130
2BE9_ca	541195852	44.928	138	71	2	2	137	8	142	5.88e-36	130
2BE9_ca	1169108127	45.890	146	78	1	2	146	8	153	6.33e-36	130
2BE9_ca	938510882	49.645	141	66	3	2	139	3	141	6.36e-36	130
2BE9_ca	1055380866	44.595	148	79	2	2	146	11	158	6.48e-36	130
2BE9_ca	268323243	48.551	138	68	2	5	139	10	147	6.63e-36	130
2BE9_ca	495439245	46.377	138	69	2	2	137	18	152	7.00e-36	130
2BE9_ca	1276393138	42.949	156	71	3	2	139	26	181	7.30e-36	131
2BE9_ca	1125396829	43.750	144	79	1	1	142	7	150	7.70e-36	130
2BE9_ca	910083984	47.518	141	69	2	2	140	18	155	8.15e-36	130
2BE9_ca	1068477899	45.270	148	78	2	2	146	10	157	8.45e-36	130
2BE9_ca	1277849952	46.259	147	77	1	2	146	8	154	8.85e-36	130
2BE9_ca	851347325	47.619	147	74	2	2	146	9	154	9.01e-36	130
2BE9_ca	1254442639	49.645	141	66	3	2	139	21	159	9.89e-36	130
2BE9_ca	1232003868	44.604	139	74	2	1	137	6	143	9.93e-36	129
2BE9_ca	651363292	47.917	144	71	3	1	142	8	149	1.08e-35	129
2BE9_ca	503409889	47.260	146	76	1	2	146	9	154	1.12e-35	129
2BE9_ca	941498777	50.000	134	64	2	2	134	9	140	1.14e-35	129
2BE9_ca	1125245371	43.750	144	79	1	1	142	7	150	1.22e-35	129
2BE9_ca	549636116	43.709	151	80	3	1	146	7	157	1.26e-35	129
2BE9_ca	494103836	51.095	137	64	2	2	137	8	142	1.38e-35	129
2BE9_ca	851008554	46.154	143	72	2	2	142	8	147	1.40e-35	129
2BE9_ca	541188528	45.455	143	73	2	2	142	32	171	1.49e-35	130
2BE9_ca	1068542462	44.521	146	80	1	2	146	8	153	1.65e-35	129
2BE9_ca	1209289849	46.259	147	77	2	2	146	6	152	1.70e-35	129
2BE9_ca	1276895153	50.370	135	64	2	2	133	10	144	1.94e-35	129
2BE9_ca	499180081	51.825	137	62	3	1	133	5	141	2.05e-35	129
2BE9_ca	503378717	47.917	144	69	4	2	142	8	148	2.09e-35	129
2BE9_ca	499203459	42.069	145	82	1	2	144	7	151	2.14e-35	129
2BE9_ca	516898436	49.635	137	68	1	2	138	6	141	2.14e-35	129
2BE9_ca	1273795756	43.537	147	81	2	1	146	9	154	2.21e-35	129
2BE9_ca	150421639	43.709	151	80	3	1	146	7	157	2.29e-35	129
2BE9_ca	1063919766	47.059	136	69	2	2	134	8	143	2.63e-35	128
2BE9_ca	504217959	46.099	141	74	1	2	140	10	150	2.73e-35	129
2BE9_ca	1055389288	48.592	142	68	3	1	140	9	147	2.76e-35	129
2BE9_ca	406883361	47.917	144	70	4	2	142	7	148	2.78e-35	129
2BE9_ca	495016541	47.101	138	68	2	2	137	26	160	3.16e-35	129
2BE9_ca	851277867	48.936	141	68	3	2	139	5	144	3.38e-35	128
2BE9_ca	505096821	44.595	148	79	2	2	147	8	154	3.57e-35	128
2BE9_ca	1224410874	44.604	139	75	2	2	139	9	146	3.59e-35	128
2BE9_ca	282157985	44.681	141	76	1	2	140	10	150	3.66e-35	128
2BE9_ca	357210543	48.936	141	68	3	2	139	10	149	3.66e-35	128
2BE9_ca	1273705246	46.763	139	68	2	2	136	6	142	3.70e-35	128
2BE9_ca	1200611931	42.953	149	82	2	2	147	10	158	3.76e-35	128
2BE9_ca	499219350	41.667	144	82	1	2	143	8	151	4.23e-35	128
2BE9_ca	1027813243	44.595	148	79	2	2	146	11	158	4.36e-35	128
2BE9_ca	339728768	46.154	143	72	2	2	142	32	171	4.38e-35	129
2BE9_ca	1211946612	44.828	145	77	2	5	146	11	155	4.50e-35	128
2BE9_ca	121689787	46.154	143	72	2	2	142	32	171	4.72e-35	129
2BE9_ca	490156165	47.101	138	68	2	2	137	25	159	4.90e-35	128
2BE9_ca	1231970451	50.365	137	64	2	1	133	5	141	5.18e-35	128
2BE9_ca	944560269	45.255	137	73	1	2	136	6	142	5.33e-35	127
2BE9_ca	1223905077	45.270	148	78	3	2	147	10	156	5.79e-35	128
2BE9_ca	1082503029	42.958	142	79	2	2	142	9	149	6.19e-35	127
2BE9_ca	921065767	47.297	148	74	3	2	146	5	151	6.63e-35	127
2BE9_ca	1008844874	45.946	148	74	4	2	146	7	151	7.19e-35	127
2BE9_ca	909660078	46.099	141	71	2	2	140	11	148	7.30e-35	127
2BE9_ca	1248128158	43.243	148	77	4	2	145	9	153	7.46e-35	127
2BE9_ca	1082376730	46.853	143	74	2	2	143	13	154	7.60e-35	127
2BE9_ca	1011162162	46.853	143	74	2	2	143	13	154	8.20e-35	127
2BE9_ca	757152738	45.517	145	76	2	5	146	11	155	8.29e-35	127
2BE9_ca	1068525496	43.243	148	77	4	2	145	9	153	8.32e-35	127
2BE9_ca	503632236	49.645	141	70	1	2	142	24	163	8.38e-35	127
2BE9_ca	851225970	49.306	144	66	5	2	140	9	150	8.47e-35	127
2BE9_ca	547251257	46.259	147	74	4	2	145	8	152	9.27e-35	127
2BE9_ca	1082434763	45.833	144	73	4	2	142	7	148	9.37e-35	127
2BE9_ca	503094060	47.183	142	71	2	1	140	11	150	9.55e-35	127
2BE9_ca	530561357	43.243	148	82	1	2	147	8	155	1.00e-34	127
2BE9_ca	1088637745	39.583	144	85	1	2	143	8	151	1.00e-34	127
2BE9_ca	1271512943	45.833	144	76	2	1	143	8	150	1.08e-34	127
2BE9_ca	495360967	45.270	148	78	2	2	147	8	154	1.10e-34	127
2BE9_ca	495361051	45.270	148	78	2	2	147	8	154	1.16e-34	127
2BE9_ca	851285377	47.183	142	71	2	1	140	11	150	1.27e-34	127
2BE9_ca	648515922	45.833	144	76	2	1	143	8	150	1.31e-34	127
2BE9_ca	918019730	49.265	136	66	2	1	133	10	145	1.44e-34	127
2BE9_ca	1113255756	48.951	143	70	3	2	142	7	148	1.54e-34	127
2BE9_ca	1008842885	47.482	139	70	1	2	137	3	141	1.56e-34	126
2BE9_ca	484592555	49.265	136	66	2	1	133	8	143	1.62e-34	127
2BE9_ca	938938592	49.306	144	69	3	1	142	8	149	1.63e-34	126
2BE9_ca	1160696546	50.000	136	64	3	1	134	8	141	1.88e-34	126
2BE9_ca	1120304998	48.507	134	67	2	2	134	14	146	1.97e-34	126
2BE9_ca	985674743	46.512	129	67	1	2	128	9	137	2.00e-34	125
2BE9_ca	524213139	46.853	143	72	3	2	142	8	148	2.08e-34	126
2BE9_ca	1063914326	44.203	138	74	2	2	137	3	139	2.15e-34	126
2BE9_ca	769888510	45.775	142	75	2	2	142	14	154	2.20e-34	126
2BE9_ca	518679655	45.517	145	79	0	2	146	7	151	2.32e-34	126
2BE9_ca	1209163390	42.857	147	82	1	2	146	7	153	2.33e-34	126
2BE9_ca	503591740	45.205	146	79	1	2	146	9	154	2.37e-34	126
2BE9_ca	1125465261	46.980	149	73	4	2	147	6	151	2.62e-34	126
2BE9_ca	1125726979	42.069	145	82	1	1	143	8	152	2.71e-34	126
2BE9_ca	1240481195	50.000	144	65	5	2	140	9	150	2.84e-34	126
2BE9_ca	408366387	43.448	145	80	1	1	143	11	155	3.00e-34	126
2BE9_ca	1101059529	47.222	144	70	3	2	143	5	144	3.33e-34	125
2BE9_ca	973165474	45.324	139	71	2	1	137	10	145	3.59e-34	125
2BE9_ca	753196008	43.750	144	79	2	1	143	8	150	3.99e-34	125
2BE9_ca	1198477440	45.833	144	76	2	1	143	8	150	4.21e-34	125
2BE9_ca	1173283708	45.517	145	79	0	2	146	7	151	4.32e-34	125
2BE9_ca	1054850084	43.382	136	72	3	2	134	7	140	4.55e-34	125
2BE9_ca	1085043188	44.118	136	73	2	2	134	6	141	4.80e-34	125
2BE9_ca	496428790	46.853	143	72	3	2	142	8	148	4.82e-34	125
2BE9_ca	1199690818	46.154	143	75	2	2	143	17	158	4.92e-34	125
2BE9_ca	495693080	46.429	140	70	2	2	139	9	145	4.92e-34	125
2BE9_ca	851211643	49.306	144	66	5	2	140	9	150	5.00e-34	125
2BE9_ca	794202644	41.497	147	84	1	2	146	8	154	5.09e-34	125
2BE9_ca	931399406	48.592	142	70	2	2	142	6	145	5.14e-34	125
2BE9_ca	490137731	47.887	142	69	3	1	140	9	147	5.22e-34	125
2BE9_ca	757129919	45.775	142	74	2	2	140	10	151	5.49e-34	125
2BE9_ca	1083046229	40.816	147	85	1	2	146	23	169	5.54e-34	125
2BE9_ca	1231994655	48.529	136	67	2	2	134	12	147	5.61e-34	125
2BE9_ca	1063918266	45.000	140	74	2	2	139	5	143	5.69e-34	125
2BE9_ca	1240443772	41.781	146	84	1	2	146	7	152	5.97e-34	125
2BE9_ca	998178197	41.781	146	82	2	4	146	14	159	6.10e-34	125
2BE9_ca	521284184	46.715	137	71	2	2	136	6	142	6.19e-34	125
2BE9_ca	1273694113	42.568	148	81	3	1	146	9	154	6.75e-34	125
2BE9_ca	851235273	49.306	144	66	5	2	140	9	150	7.48e-34	125
2BE9_ca	1054611530	46.809	141	70	2	2	140	9	146	8.77e-34	125
2BE9_ca	518092536	43.243	148	81	2	2	146	11	158	9.92e-34	125
2BE9_ca	1273691142	48.507	134	67	2	2	134	11	143	1.01e-33	124
2BE9_ca	1081851424	51.095	137	62	3	2	134	16	151	1.04e-33	125
2BE9_ca	1085046051	46.324	136	69	3	2	134	6	140	1.04e-33	124
2BE9_ca	1176014682	44.604	139	72	3	8	142	21	158	1.12e-33	124
2BE9_ca	851309847	47.682	151	71	6	2	147	9	156	1.13e-33	124
2BE9_ca	499725386	40.411	146	86	1	2	146	8	153	1.16e-33	124
2BE9_ca	1055431684	44.521	146	80	1	2	146	7	152	1.17e-33	124
2BE9_ca	1229238603	46.099	141	74	2	2	140	10	150	1.18e-33	124
2BE9_ca	1008838124	47.857	140	70	2	2	139	6	144	1.22e-33	124
2BE9_ca	498104472	44.755	143	75	3	2	142	9	149	1.23e-33	124
2BE9_ca	931499928	45.517	145	75	3	1	143	8	150	1.37e-33	124
2BE9_ca	851262252	47.020	151	72	6	2	147	9	156	1.39e-33	124
# BLAST processed 1 queries
