==== Secondary Structure Definition by the program DSSP, CMBI version by M.L. Hekkelman/2010-10-21 ==== DATE=2019-01-20        .
REFERENCE W. KABSCH AND C.SANDER, BIOPOLYMERS 22 (1983) 2577-2637                                                              .
                                                                                                                               .
  148  2  0  0  0 TOTAL NUMBER OF RESIDUES, NUMBER OF CHAINS, NUMBER OF SS-BRIDGES(TOTAL,INTRACHAIN,INTERCHAIN)                .
  8774.9   ACCESSIBLE SURFACE OF PROTEIN (ANGSTROM**2)                                                                         .
   95 64.2   TOTAL NUMBER OF HYDROGEN BONDS OF TYPE O(I)-->H-N(J)  , SAME NUMBER PER 100 RESIDUES                              .
    0  0.0   TOTAL NUMBER OF HYDROGEN BONDS IN     PARALLEL BRIDGES, SAME NUMBER PER 100 RESIDUES                              .
   45 30.4   TOTAL NUMBER OF HYDROGEN BONDS IN ANTIPARALLEL BRIDGES, SAME NUMBER PER 100 RESIDUES                              .
    2  1.4   TOTAL NUMBER OF HYDROGEN BONDS OF TYPE O(I)-->H-N(I-5), SAME NUMBER PER 100 RESIDUES                              .
    1  0.7   TOTAL NUMBER OF HYDROGEN BONDS OF TYPE O(I)-->H-N(I-4), SAME NUMBER PER 100 RESIDUES                              .
    1  0.7   TOTAL NUMBER OF HYDROGEN BONDS OF TYPE O(I)-->H-N(I-3), SAME NUMBER PER 100 RESIDUES                              .
    0  0.0   TOTAL NUMBER OF HYDROGEN BONDS OF TYPE O(I)-->H-N(I-2), SAME NUMBER PER 100 RESIDUES                              .
    0  0.0   TOTAL NUMBER OF HYDROGEN BONDS OF TYPE O(I)-->H-N(I-1), SAME NUMBER PER 100 RESIDUES                              .
    0  0.0   TOTAL NUMBER OF HYDROGEN BONDS OF TYPE O(I)-->H-N(I+0), SAME NUMBER PER 100 RESIDUES                              .
    0  0.0   TOTAL NUMBER OF HYDROGEN BONDS OF TYPE O(I)-->H-N(I+1), SAME NUMBER PER 100 RESIDUES                              .
   15 10.1   TOTAL NUMBER OF HYDROGEN BONDS OF TYPE O(I)-->H-N(I+2), SAME NUMBER PER 100 RESIDUES                              .
   14  9.5   TOTAL NUMBER OF HYDROGEN BONDS OF TYPE O(I)-->H-N(I+3), SAME NUMBER PER 100 RESIDUES                              .
   20 13.5   TOTAL NUMBER OF HYDROGEN BONDS OF TYPE O(I)-->H-N(I+4), SAME NUMBER PER 100 RESIDUES                              .
    3  2.0   TOTAL NUMBER OF HYDROGEN BONDS OF TYPE O(I)-->H-N(I+5), SAME NUMBER PER 100 RESIDUES                              .
  1  2  3  4  5  6  7  8  9 10 11 12 13 14 15 16 17 18 19 20 21 22 23 24 25 26 27 28 29 30     *** HISTOGRAMS OF ***           .
  0  0  0  0  1  0  0  2  0  0  0  0  0  0  0  0  0  0  0  0  0  0  0  0  0  0  0  0  0  0    RESIDUES PER ALPHA HELIX         .
  0  0  0  0  0  0  0  0  0  0  0  0  0  0  0  0  0  0  0  0  0  0  0  0  0  0  0  0  0  0    PARALLEL BRIDGES PER LADDER      .
  0  0  2  1  2  1  0  1  0  0  0  0  0  0  0  0  0  0  0  0  0  0  0  0  0  0  0  0  0  0    ANTIPARALLEL BRIDGES PER LADDER  .
  0  0  1  1  0  0  0  0  0  0  0  0  0  0  0  0  0  0  0  0  0  0  0  0  0  0  0  0  0  0    LADDERS PER SHEET                .
  #  RESIDUE AA STRUCTURE BP1 BP2  ACC     N-H-->O    O-->H-N    N-H-->O    O-->H-N    TCO  KAPPA ALPHA  PHI   PSI    X-CA   Y-CA   Z-CA 
    1   11 B M              0   0  211      0, 0.0     2,-0.4     0, 0.0     0, 0.0   0.000 360.0 360.0 360.0 -14.3  123.7   66.5   32.7
    2   12 B V        -     0   0   47      1,-0.1     3,-0.1    34,-0.1    36,-0.1  -0.936 360.0-105.0-109.3 139.3  121.8   68.1   35.6
    3   13 B S        -     0   0  100     -2,-0.4    -1,-0.1     1,-0.1     0, 0.0  -0.048  43.5 -88.8 -56.3 158.2  123.5   70.6   38.0
    4   14 B K        -     0   0  118      1,-0.1     2,-0.4     2,-0.0    -1,-0.1  -0.229  41.7-119.6 -66.5 158.8  124.4   69.6   41.6
    5   15 B I        -     0   0   15      1,-0.2     3,-0.2    77,-0.1    77,-0.2  -0.820   6.8-151.1-110.5 137.9  122.0   70.0   44.4
    6   16 B K  S    S-     0   0   95     -2,-0.4    76,-1.9     1,-0.3     2,-0.4   0.972  83.5  -0.1 -70.7 -53.4  122.4   72.2   47.5
    7   17 B N  S    S+     0   0   32     73,-0.2    49,-3.0    74,-0.2     2,-0.3  -0.987 100.9  43.5-141.9 129.8  120.3   70.0   49.8
    8   18 B G  E    S-AB  55  79A   1     71,-3.0    71,-4.0    -2,-0.4     2,-0.4  -0.999  77.4 -31.7 152.5-142.6  118.3   66.8   49.3
    9   19 B T  E     -AB  54  78A   0     45,-2.6    45,-2.7    -2,-0.3     2,-0.5  -0.954  33.4-165.4-123.6 134.9  118.3   63.3   47.8
   10   20 B V  E     -AB  53  77A  14     67,-2.9    67,-3.0    -2,-0.4     2,-0.7  -0.987   3.2-165.5-118.6 122.4  119.9   62.0   44.7
   11   21 B I  E     +AB  52  76A   0     41,-2.9    41,-3.0    -2,-0.5     3,-0.2  -0.946  21.0 176.1-107.1 107.7  118.8   58.6   43.3
   12   22 B D  E     + B   0  75A  34     63,-2.5    63,-2.2    -2,-0.7    39,-0.1  -0.546  49.6  39.2-105.2 168.3  121.4   57.5   40.8
   13   23 B H  E     +     0   0A  37     61,-0.2    -1,-0.2     1,-0.2    38,-0.1   0.814  67.4 158.6  58.9  37.8  121.8   54.3   38.8
   14   24 B I  E     -A   50   0A   0     36,-1.9    36,-1.9    -3,-0.2    -1,-0.2  -0.729  53.1 -97.8 -80.0 135.2  118.1   53.8   38.0
   15   25 B P  E >   -A   49   0A  23      0, 0.0     3,-2.1     0, 0.0    34,-0.2  -0.302  56.0 -82.4 -49.6 142.7  117.6   51.6   35.0
   16   26 B A  T 3  S+     0   0   39     32,-0.6    34,-0.1     1,-0.2    23,-0.1  -0.178 114.9  13.9 -45.5 130.8  117.0   53.6   31.8
   17   27 B G  T 3  S+     0   0   41     32,-0.2     3,-0.4    -3,-0.1    -1,-0.2   0.282 101.9  96.9  86.7 -10.2  113.4   54.8   31.4
   18   28 B R    <>  +     0   0   67     -3,-2.1     4,-1.8     1,-0.2     3,-0.3   0.434  46.8  96.2 -98.7   2.4  112.4   53.9   35.0
   19   29 B A  H  > S+     0   0    0      1,-0.2     4,-2.2     2,-0.2    -1,-0.2   0.888  83.3  55.5 -57.7 -41.6  112.7   57.3   36.8
   20   30 B F  H  > S+     0   0  106     -3,-0.4     4,-1.9     1,-0.2    -1,-0.2   0.883 107.9  49.5 -60.0 -40.5  109.0   58.0   36.3
   21   31 B A  H  > S+     0   0    8     -3,-0.3     4,-2.9    -4,-0.2    -1,-0.2   0.848 106.1  56.5 -66.4 -36.4  108.2   54.8   38.1
   22   32 B V  H  X S+     0   0    0     -4,-1.8     4,-1.7     2,-0.2    -2,-0.2   0.947 107.5  48.3 -58.4 -50.3  110.6   55.7   41.0
   23   33 B L  H  X>S+     0   0   10     -4,-2.2     5,-2.1     2,-0.2     4,-0.5   0.898 112.1  49.3 -56.0 -46.8  108.7   58.9   41.6
   24   34 B N  H ><5S+     0   0   80     -4,-1.9     3,-2.0     1,-0.2    -2,-0.2   0.959 108.1  53.7 -54.7 -53.2  105.4   57.0   41.6
   25   35 B V  H 3<5S+     0   0    2     -4,-2.9    -1,-0.2     1,-0.3    -2,-0.2   0.828 112.7  45.2 -50.3 -34.2  106.9   54.5   44.0
   26   36 B L  H 3<5S-     0   0   16     -4,-1.7    -1,-0.3     2,-0.2    -2,-0.2   0.479 111.0-118.9 -90.5  -4.1  107.7   57.5   46.3
   27   37 B G  T <<5 +     0   0   68     -3,-2.0     2,-0.7    -4,-0.5    -3,-0.2   0.599  66.8 141.2  73.0  12.9  104.4   59.2   46.0
   28   38 B I      <       0   0    5     -5,-2.1    -1,-0.2    -6,-0.2    -2,-0.2  -0.803 360.0 360.0 -96.7 109.7  106.1   62.3   44.4
   29   39 B K              0   0  140     -2,-0.7     0, 0.0    -3,-0.1     0, 0.0  -0.427 360.0 360.0 170.1 360.0  104.0   63.9   41.6
   30        !              0   0    0      0, 0.0     0, 0.0     0, 0.0     0, 0.0   0.000 360.0 360.0 360.0 360.0    0.0    0.0    0.0
   31   42 B E              0   0  182      2,-0.2     2,-0.4    -3,-0.1     3,-0.1   0.000 360.0 360.0 360.0 146.4  104.7   69.1   45.2
   32   43 B G        +     0   0   85      1,-0.2     2,-0.1     0, 0.0     0, 0.0  -0.597 360.0  87.8 109.9 -63.5  106.3   72.3   46.2
   33   44 B F  S    S-     0   0   57     -2,-0.4    -2,-0.2     1,-0.1    -1,-0.2  -0.348  84.4 -99.1 -78.9 146.4  109.9   71.2   46.1
   34   45 B R        -     0   0  160     -2,-0.1    21,-2.2    -3,-0.1     2,-0.4  -0.282  38.3-172.1 -59.7 139.8  112.3   71.2   43.1
   35   46 B I  E     -C   54   0A  68     19,-0.2     2,-0.4     2,-0.0    19,-0.2  -0.999   5.6-170.4-133.8 139.5  112.7   67.9   41.2
   36   47 B A  E     +C   53   0A  27     17,-2.9    17,-2.8    -2,-0.4     2,-0.4  -0.994   4.9 179.7-125.4 137.6  115.2   67.1   38.4
   37   48 B L  E     -C   52   0A  53     -2,-0.4     2,-0.4    15,-0.2    15,-0.2  -0.993  11.2-168.3-127.3 144.7  115.3   64.0   36.2
   38   49 B V  E     -C   51   0A  17     13,-2.0    13,-1.9    -2,-0.4     2,-0.4  -0.996  17.3-158.9-121.1 137.6  117.6   63.0   33.4
   39   50 B I  E     +C   50   0A  58     -2,-0.4    11,-0.2    11,-0.2   -23,-0.1  -0.955  63.1   4.3-124.4 134.4  116.4   60.0   31.4
   40   51 B N  E    S+     0   0A  92      9,-0.6    10,-0.2    -2,-0.4    -1,-0.2   0.705  82.9 156.7  71.8  25.1  118.5   57.6   29.2
   41   52 B V  E     -C   49   0A  29      8,-1.5     8,-2.7    -3,-0.2    -1,-0.2  -0.370  49.2 -82.2 -78.1 161.9  121.8   59.2   30.0
   42   53 B D  E     -C   48   0A 123      6,-0.2     2,-0.4    -2,-0.1     6,-0.2  -0.257  41.6-174.1 -63.7 146.0  125.1   57.3   29.7
   43   54 B S  E  >  -C   47   0A  13      4,-2.0     4,-1.7     1,-0.1    -1,-0.0  -0.963  19.5-152.2-143.6 124.3  126.3   55.0   32.4
   44   55 B K  T  4 S+     0   0  219     -2,-0.4    -1,-0.1     1,-0.2     4,-0.0   0.895  98.9  33.7 -63.5 -40.5  129.7   53.4   32.3
   45   56 B K  T  4 S+     0   0  174      1,-0.1    -1,-0.2     2,-0.1     3,-0.1   0.736 130.6  30.7 -89.1 -22.8  128.6   50.3   34.3
   46   57 B M  T  4 S-     0   0   62      1,-0.1     2,-1.5   -31,-0.0    -2,-0.2   0.479  92.9-128.6-113.8  -6.8  124.9   50.0   33.1
   47   58 B G  E  < S+ C   0  43A  45     -4,-1.7    -4,-2.0     2,-0.0     2,-0.3  -0.619  88.7  18.3  85.0 -75.2  125.0   51.3   29.5
   48   59 B K  E    S+ C   0  42A 107     -2,-1.5   -32,-0.6    -6,-0.2     2,-0.3  -0.912  73.7 168.5-121.5 156.4  122.1   53.6   30.1
   49   60 B K  E     -AC  15  41A  23     -8,-2.7    -8,-1.5    -2,-0.3    -9,-0.6  -0.923  25.7-129.8-150.5 176.2  120.6   55.0   33.3
   50   61 B D  E     -AC  14  39A   0    -36,-1.9   -36,-1.9    -2,-0.3     2,-0.4  -0.948  17.4-156.1-125.3 150.7  118.2   57.6   34.8
   51   62 B I  E     - C   0  38A  22    -13,-1.9   -13,-2.0    -2,-0.3     2,-0.4  -0.998   3.2-163.6-128.0 135.9  119.0   60.0   37.7
   52   63 B V  E     -AC  11  37A   0    -41,-3.0   -41,-2.9    -2,-0.4     2,-0.4  -0.941   3.7-171.7-115.7 140.4  116.4   61.6   40.0
   53   64 B K  E     -AC  10  36A  27    -17,-2.8   -17,-2.9    -2,-0.4     2,-0.6  -0.983   1.6-173.0-133.5 121.1  117.2   64.6   42.2
   54   65 B I  E >   -AC   9  35A   0    -45,-2.7   -45,-2.6    -2,-0.4     3,-0.7  -0.962  17.0-143.5-116.2 112.6  114.7   65.8   44.8
   55   66 B E  E 3  S+A    8   0A  31    -21,-2.2   -47,-0.3    -2,-0.6   -22,-0.1  -0.428  75.8   6.8 -68.0 148.2  115.6   69.1   46.6
   56   67 B D  T 3  S+     0   0  101    -49,-3.0     2,-0.4    -2,-0.1   -48,-0.2   0.571 104.8  99.1  62.8  18.1  114.9   69.7   50.2
   57   68 B K    <   -     0   0   62     -3,-0.7     2,-0.7   -50,-0.2    -3,-0.2  -0.996  55.4-156.7-136.9 128.5  113.7   66.2   51.0
   58   69 B E        -     0   0   92     -2,-0.4     2,-0.1   -50,-0.1    20,-0.1  -0.913  21.6-138.7-103.9 105.5  115.7   63.4   52.6
   59   70 B I        -     0   0    4     -2,-0.7     2,-0.1    -5,-0.1   -51,-0.0  -0.419  20.4-128.5 -60.3 132.5  114.3   60.0   51.6
   60   71 B S     >  -     0   0   52     -2,-0.1     4,-3.3     1,-0.1     5,-0.2  -0.365  22.5-107.0 -77.4 161.5  114.2   57.6   54.5
   61   72 B D  H  > S+     0   0   77      2,-0.2     4,-2.0     1,-0.2    30,-0.2   0.789 123.5  53.4 -53.8 -30.1  115.6   54.0   54.5
   62   73 B T  H  > S+     0   0  110      2,-0.2     4,-1.1     1,-0.1    -1,-0.2   0.986 112.0  39.8 -70.5 -60.6  111.9   53.0   54.4
   63   74 B E  H >4 S+     0   0   53      1,-0.2     3,-0.7     2,-0.2     4,-0.5   0.912 116.5  55.0 -49.3 -46.8  110.9   55.1   51.4
   64   75 B A  H >X S+     0   0    0     -4,-3.3     3,-1.9     1,-0.2     4,-0.5   0.884  98.7  58.3 -58.1 -48.6  114.2   54.2   49.8
   65   76 B N  H >< S+     0   0   21     -4,-2.0     3,-0.9     1,-0.3     4,-0.4   0.783  94.2  67.5 -56.4 -29.3  113.8   50.4   50.1
   66   77 B L  G X< S+     0   0   31     -4,-1.1     3,-1.0    -3,-0.7     4,-0.3   0.807  91.9  63.1 -57.5 -29.2  110.6   50.7   48.0
   67   78 B I  G X> S+     0   0    0     -3,-1.9     4,-2.9    -4,-0.5     3,-2.0   0.837  86.6  71.0 -64.2 -32.5  112.9   51.7   45.1
   68   79 B T  G << S+     0   0   12     -3,-0.9    -1,-0.2    -4,-0.5    -2,-0.2   0.703  83.6  71.7 -61.2 -22.0  114.6   48.3   45.1
   69   80 B L  G <4 S+     0   0    2     -3,-1.0    -1,-0.3    -4,-0.4    -2,-0.2   0.784 121.3  10.2 -61.6 -32.4  111.4   46.8   43.7
   70   81 B I  T <4 S+     0   0    0     -3,-2.0    -2,-0.2    -4,-0.3    -1,-0.2   0.521 141.1  34.4-123.5 -16.4  112.1   48.4   40.3
   71   82 B A    ><  +     0   0    0     -4,-2.9     3,-2.2    -5,-0.1    -2,-0.2  -0.436  58.4 158.5-139.6  63.0  115.6   49.7   40.6
   72   83 B P  T 3  S+     0   0   85      0, 0.0    -4,-0.1     0, 0.0    18,-0.1   0.774  78.4  58.6 -64.3 -24.1  117.6   47.3   42.8
   73   84 B T  T 3  S+     0   0   77     -3,-0.1   -59,-0.1   -60,-0.1    -5,-0.1   0.674  85.2 119.7 -68.1 -19.0  120.8   48.7   41.2
   74   85 B A    <   -     0   0    6     -3,-2.2     2,-0.4    -7,-0.1    16,-0.3   0.031  51.2-151.4 -60.8 155.9  119.9   52.2   42.5
   75   86 B T  E     -B   12   0A  54    -63,-2.2   -63,-2.5    14,-0.1     2,-0.5  -0.988   5.8-149.2-128.4 138.5  122.1   54.2   44.8
   76   87 B I  E     -BD  11  88A   1     12,-0.6    12,-0.8    -2,-0.4     2,-0.5  -0.932  12.6-173.4-115.4 122.0  120.7   56.7   47.2
   77   88 B N  E     -BD  10  87A  21    -67,-3.0   -67,-2.9    -2,-0.5     2,-0.5  -0.971  13.8-150.9-117.3 129.4  122.7   59.8   48.2
   78   89 B I  E     -BD   9  86A   2      8,-2.1     7,-2.1    -2,-0.5     8,-0.9  -0.874  20.0-156.0 -97.1 128.7  121.6   62.2   50.8
   79   90 B V  E     +BD   8  84A   7    -71,-4.0   -71,-3.0    -2,-0.5     2,-0.4  -0.924  16.9 173.8-116.8 126.1  123.0   65.7   50.1
   80   91 B R  E >  S- D   0  83A 122      3,-3.2     3,-2.4    -2,-0.5   -73,-0.2  -0.996  73.7 -13.2-133.7 128.5  123.7   68.5   52.6
   81   92 B E  T 3  S-     0   0  133     -2,-0.4   -74,-0.2     1,-0.3   -75,-0.1   0.663 128.6 -57.4  58.0  20.2  125.4   71.9   51.9
   82   93 B Y  T 3  S+     0   0  146    -76,-1.9     2,-0.4     1,-0.3    -1,-0.3   0.130 117.4 111.7  94.4 -14.3  126.5   70.3   48.6
   83   94 B E  E <  S-D   80   0A 141     -3,-2.4    -3,-3.2   -77,-0.2     2,-0.8  -0.770  73.4-123.9 -94.4 133.3  128.3   67.4   50.4
   84   95 B V  E     +D   79   0A  66     -2,-0.4    -5,-0.3    -5,-0.2     3,-0.1  -0.650  32.2 179.6 -69.0 107.5  127.0   63.8   50.1
   85   96 B V  E     +     0   0A  70     -7,-2.1     2,-0.3    -2,-0.8    -1,-0.2   0.479  61.2  21.1 -94.0  -0.6  126.5   63.0   53.8
   86   97 B K  E     -D   78   0A  84     -8,-0.9    -8,-2.1     2,-0.0     2,-0.3  -0.955  50.5-160.7-169.4 137.3  125.2   59.4   53.4
   87   98 B K  E     -D   77   0A 148     -2,-0.3   -10,-0.2   -10,-0.2    -3,-0.0  -0.723  32.5-141.8-128.7  81.5  125.1   56.6   50.8
   88   99 B T  E     -D   76   0A  13    -12,-0.8     2,-0.9    -2,-0.3   -12,-0.6   0.030   7.2-128.3 -46.7 136.8  122.2   54.2   51.8
   89  100 B K        -     0   0  130    -14,-0.1     2,-0.3     2,-0.0    -1,-0.1  -0.821  29.2-138.6 -86.6 105.8  122.4   50.4   51.5
   90  101 B L        -     0   0   33     -2,-0.9     2,-0.3   -16,-0.3   -25,-0.1  -0.485  27.0-179.0 -66.1 128.3  119.3   49.5   49.5
   91  102 B E        -     0   0   94     -2,-0.3   -23,-0.3   -30,-0.2     3,-0.0  -0.892  38.4 -93.8-126.5 157.5  117.5   46.4   50.9
   92  103 B V        -     0   0   40     -2,-0.3   -26,-0.1   -24,-0.1     2,-0.1  -0.583  52.4-118.8 -66.9 122.8  114.4   44.4   49.8
   93  104 B P        -     0   0    9      0, 0.0    28,-0.2     0, 0.0     3,-0.1  -0.419   9.7-141.0 -71.4 144.3  111.6   45.9   52.0
   94  105 B K  S    S+     0   0  167      1,-0.2    27,-3.1    26,-0.1     2,-0.3   0.893  84.8  24.5 -67.1 -40.9  109.8   43.6   54.4
   95  106 B V  E     -E  120   0B  65     25,-0.2     2,-0.5    34,-0.1    25,-0.2  -0.953  61.9-160.7-131.4 139.6  106.4   45.0   53.8
   96  107 B V  E     -E  119   0B   0     23,-2.9    23,-2.3    -2,-0.3     2,-0.5  -0.935  13.7-179.1-127.1 110.1  104.8   46.9   50.9
   97  108 B K  E     -E  118   0B 134     -2,-0.5     2,-0.6    21,-0.2    21,-0.2  -0.928  65.8  -5.5-109.6 122.2  101.7   48.9   51.7
   98  109 B G  S    S+     0   0   42     19,-2.3    20,-0.1    -2,-0.5    -1,-0.1  -0.270 110.7  80.1  99.5 -47.2   99.9   50.9   48.9
   99  110 B I  S    S+     0   0   57     -2,-0.6     2,-0.4   -74,-0.1    -1,-0.1   0.905  89.6  50.1 -66.8 -43.5  102.2   50.4   45.9
  100  111 B L  S    S-     0   0    0     17,-0.2    -2,-0.3    -4,-0.1     2,-0.2  -0.821  71.8-145.8-105.3 135.3  101.2   46.9   44.8
  101  112 B K        -     0   0  157     -2,-0.4     9,-0.1    16,-0.0    15,-0.0  -0.558  24.7-110.1 -89.4 158.7   97.6   45.7   44.2
  102  113 B C        -     0   0    8     -2,-0.2     5,-0.1     1,-0.1    35,-0.0  -0.785  14.2-148.4 -91.3 125.6   96.4   42.2   44.9
  103  114 B P  S    S+     0   0   64      0, 0.0    -1,-0.1     0, 0.0     3,-0.0   0.691  73.5 100.4 -65.6 -17.1   95.6   40.1   41.8
  104  115 B N    >   -     0   0   41      1,-0.2     3,-1.9     2,-0.1     6,-0.2  -0.587  62.0-159.2 -70.4 109.6   92.9   38.2   43.7
  105  116 B P  T 3  S+     0   0   87      0, 0.0    -1,-0.2     0, 0.0    -3,-0.0   0.743  92.9  53.9 -62.8 -18.5   89.6   39.9   42.6
  106  117 B Y  T 3  S+     0   0  204      3,-0.0     2,-0.1     5,-0.0    -2,-0.1   0.465  80.6 116.6 -93.7  -4.9   88.1   38.5   45.8
  107  118 B C  S X  S-     0   0    2     -3,-1.9     3,-2.1     1,-0.1     4,-0.1  -0.445  72.4-130.3 -63.0 134.5   90.7   40.0   48.1
  108  119 B I  G >> S+     0   0   87      1,-0.3     4,-2.8     2,-0.2     3,-1.8   0.847 109.8  62.0 -52.2 -37.4   89.2   42.5   50.5
  109  120 B T  G 34 S+     0   0   12      1,-0.3    -1,-0.3     2,-0.2    -7,-0.1   0.647  99.3  56.5 -64.4 -15.4   92.0   44.9   49.4
  110  121 B S  G <4 S+     0   0   51     -3,-2.1    -1,-0.3    -6,-0.2    -2,-0.2   0.287 119.1  29.2 -94.4   5.5   90.5   44.7   45.8
  111  122 B N  T <4 S+     0   0  116     -3,-1.8     2,-0.7     1,-0.3    -2,-0.2   0.626 103.8  67.6-136.1 -38.6   87.1   45.9   47.0
  112  123 B D    ><  -     0   0   73     -4,-2.8     3,-1.9     1,-0.1    -1,-0.3  -0.846  64.5-149.8 -97.5 117.4   87.2   48.1   50.0
  113  124 B V  T 3  S+     0   0  144     -2,-0.7    -1,-0.1     1,-0.3    -4,-0.0   0.779 100.8  48.7 -50.7 -33.8   88.8   51.5   49.3
  114  125 B E  T 3  S+     0   0  169      1,-0.1     2,-1.4     2,-0.1    -1,-0.3   0.539  88.7  91.5 -86.0  -8.6   90.1   51.7   52.9
  115  126 B A  S <  S-     0   0   15     -3,-1.9    -4,-0.2    -7,-0.2    -3,-0.1  -0.690  73.2-156.1 -88.7  90.7   91.4   48.2   52.7
  116  127 B I        -     0   0   73     -2,-1.4    -7,-0.1     1,-0.1    -6,-0.1  -0.526  20.1-110.0 -79.0 122.2   95.0   49.1   51.6
  117  128 B P        -     0   0   20      0, 0.0   -19,-2.3     0, 0.0     2,-0.4  -0.156  40.0-173.1 -49.6 136.5   96.9   46.4   49.7
  118  129 B T  E     -E   97   0B   8    -21,-0.2    14,-2.6   -20,-0.1     2,-0.4  -0.976   8.7-172.0-144.7 122.6   99.7   45.0   51.8
  119  130 B F  E     -EF  96 131B   0    -23,-2.3   -23,-2.9    -2,-0.4     2,-0.5  -0.940   9.3-156.0-121.1 136.4  102.4   42.5   50.8
  120  131 B K  E     -EF  95 130B  97     10,-2.7    10,-3.0    -2,-0.4   -25,-0.2  -0.948  29.8-115.1-109.6 128.2  105.0   40.9   53.1
  121  132 B T  E     - F   0 129B  25    -27,-3.1     8,-0.3    -2,-0.5     3,-0.1  -0.465  30.8-176.9 -61.2 127.0  108.2   39.6   51.4
  122  133 B L  E    S+     0   0B  83      6,-3.0     2,-0.3     1,-0.4     7,-0.2   0.863  70.9   3.3 -95.9 -48.8  108.3   35.8   51.7
  123  134 B T  E   > - F   0 128B  55      5,-1.5     5,-2.0     3,-0.1    -1,-0.4  -0.997  50.6-164.4-136.3 138.4  111.7   35.2   50.1
  124  135 B E  T   5S+     0   0  128     -2,-0.3     3,-0.3     3,-0.2    -1,-0.1   0.829  83.2  73.9 -81.6 -35.4  114.3   37.8   48.9
  125  136 B K  T   5S+     0   0  107      1,-0.3     2,-0.8     2,-0.1    -2,-0.0   0.911 119.0   8.1 -45.2-100.4  116.2   35.1   46.9
  126  137 B P  T   5S-     0   0   88      0, 0.0     2,-0.5     0, 0.0    -1,-0.3  -0.876 111.8-112.8 -70.4 119.1  113.8   34.5   44.0
  127  138 B L  T   5 +     0   0   17     -2,-0.8    13,-0.8    -3,-0.3     2,-0.4  -0.393  50.8 164.1 -64.8 111.5  111.6   37.5   45.0
  128  139 B K  E   < -FG 123 139B  84     -5,-2.0    -6,-3.0    -2,-0.5    -5,-1.5  -0.996  14.1-168.5-126.5 130.3  108.1   36.3   46.2
  129  140 B M  E     -FG 121 138B   0      9,-2.9     9,-2.9    -2,-0.4     2,-0.4  -0.903   9.1-145.1-120.0 153.2  105.7   38.4   48.2
  130  141 B R  E     -FG 120 137B  68    -10,-3.0   -10,-2.7    -2,-0.3     2,-0.2  -0.964  17.7-122.0-123.6 127.5  102.5   37.4   50.0
  131  142 B C  E  >  -F  119   0B   0      5,-3.2     4,-1.8    -2,-0.4   -12,-0.2  -0.503  20.2-144.9 -63.3 127.3   99.3   39.4   50.4
  132  143 B E  T  4 S+     0   0   74    -14,-2.6    -1,-0.1    -2,-0.2   -13,-0.1   0.605  93.2  44.6 -74.7 -11.3   98.7   39.7   54.1
  133  144 B Y  T  4 S+     0   0  119    -15,-0.3    -1,-0.2     3,-0.1   -14,-0.1   0.862 131.3  12.1 -97.0 -45.6   94.9   39.4   53.8
  134  145 B C  T  4 S-     0   0   38      2,-0.1    -2,-0.2   -30,-0.0   -28,-0.0   0.446  91.9-122.2-118.6  -5.1   94.3   36.5   51.3
  135  146 B E     <  +     0   0  105     -4,-1.8    -3,-0.1     1,-0.2     2,-0.1   0.552  52.4 158.2  75.0   7.7   97.8   34.9   51.1
  136  147 B T        -     0   0   44     -6,-0.1    -5,-3.2     1,-0.1     2,-0.4  -0.429  33.7-136.9 -62.7 139.5   98.1   35.3   47.3
  137  148 B I  E     -G  130   0B  86     -7,-0.2     2,-0.4    -2,-0.1    -7,-0.2  -0.829  17.7-167.8-103.6 135.3  101.7   35.2   46.2
  138  149 B I  E     -G  129   0B   5     -9,-2.9    -9,-2.9    -2,-0.4     2,-0.2  -0.966   7.5-148.8-121.8 143.7  103.3   37.5   43.6
  139  150 B D  E  >  -G  128   0B  71     -2,-0.4     4,-2.3   -11,-0.2   -11,-0.2  -0.493  38.3 -91.2-100.6 175.3  106.7   37.2   41.9
  140  151 B E  H  > S+     0   0   61    -13,-0.8     4,-3.1     1,-0.2     5,-0.2   0.833 124.6  56.6 -55.8 -36.1  109.2   39.8   40.6
  141  152 B N  H  > S+     0   0  118      2,-0.2     4,-3.0     1,-0.2     5,-0.2   0.957 108.7  42.9 -58.3 -54.5  107.4   39.7   37.2
  142  153 B E  H  > S+     0   0   63      1,-0.2     4,-1.1     2,-0.2    -2,-0.2   0.876 115.5  52.5 -63.8 -35.2  104.0   40.6   38.5
  143  154 B I  H  X S+     0   0    0     -4,-2.3     4,-1.5     2,-0.2     3,-0.5   0.961 113.7  40.4 -63.4 -54.4  105.6   43.2   40.7
  144  155 B M  H  X>S+     0   0   49     -4,-3.1     4,-2.8     1,-0.2     5,-0.7   0.858 112.8  54.3 -66.9 -38.5  107.5   44.9   37.9
  145  156 B S  H  <5S+     0   0   67     -4,-3.0    -1,-0.2    -5,-0.2    -2,-0.2   0.731 107.5  53.8 -68.3 -20.3  104.6   44.6   35.4
  146  157 B Q  H  <5S+     0   0   57     -4,-1.1    -2,-0.2    -3,-0.5    -1,-0.2   0.879 120.7  27.5 -75.2 -39.6  102.4   46.4   38.0
  147  158 B I  H  <5S+     0   0   26     -4,-1.5    -2,-0.2    -5,-0.1    -3,-0.2   0.868 129.9  36.4 -93.3 -44.0  104.7   49.4   38.5
  148  159 B L  T  <5       0   0   69     -4,-2.8    -3,-0.2    -5,-0.2    -2,-0.1   0.882 360.0 360.0 -76.6 -39.2  106.5   49.7   35.1
  149  160 B G      <       0   0   92     -5,-0.7    -3,-0.2    -4,-0.2    -4,-0.2   0.462 360.0 360.0 133.5 360.0  103.6   48.6   32.9
