 ACCALL - Accessibility calculations
 MAX RESIDUES     5000
 MAX ATOMS/RES     100
 PDB FILE INPUT 1FIY_processed.pdb
 PROBE SIZE       1.40
 Z-SLICE WIDTH   0.050
 VDW RADII FILE vdw.radii
 EXCL HETATOMS
 EXCL HYDROGENS
 EXCL WATERS
 READVDW  32 residues input
 NON-STANDARD atom.|HNCA| in residue> GLN A   4 
 GUESSED vdw of HNCA in GLN A   4  =  1.60
 NON-STANDARD atom.|HNCA| in residue> VAL A 709 
 GUESSED vdw of HNCA in VAL A 709  =  1.60
 ADDED VDW RADII
 CHAINS       1
 RESIDUES   873
 ATOMS     6890
 SOLVA: PROGRAM ENDS CORRECTLY
 CALCULATED ATOMIC ACCESSIBILITES
 RELATIVE (STANDARD) ACCESSIBILITIES READFOR  20 AMINO ACIDS
 SUMMED ACCESSIBILITIES OVER RESIDUES
